[2025-01-14T21:37:09.307+0000] {manager.py:483} INFO - Processing files using up to 2 processes at a time 
[2025-01-14T21:37:09.307+0000] {manager.py:484} INFO - Process each file at most once every 30 seconds
[2025-01-14T21:37:09.307+0000] {manager.py:485} INFO - Checking for new files in /opt/airflow/dags every 300 seconds
[2025-01-14T21:37:09.307+0000] {manager.py:821} INFO - Searching for files in /opt/airflow/dags
[2025-01-14T21:37:09.309+0000] {manager.py:824} INFO - There are 1 files in /opt/airflow/dags
[2025-01-14T21:37:09.342+0000] {manager.py:997} INFO - 
================================================================================
DAG File Processing Stats

File Path                             PID  Runtime      # DAGs    # Errors  Last Runtime    Last Run      Last # of DB Queries
----------------------------------  -----  ---------  --------  ----------  --------------  ----------  ----------------------
/opt/airflow/dags/204 dummy_dag.py     31  0.01s             0           0                                                   0
================================================================================
[2025-01-14T21:37:39.656+0000] {manager.py:997} INFO - 
================================================================================
DAG File Processing Stats

File Path                             PID  Runtime      # DAGs    # Errors  Last Runtime    Last Run               Last # of DB Queries
----------------------------------  -----  ---------  --------  ----------  --------------  -------------------  ----------------------
/opt/airflow/dags/204 dummy_dag.py     32  0.02s             1           0  0.17s           2025-01-14T21:37:09                      45
================================================================================
[2025-01-14T21:38:10.064+0000] {manager.py:997} INFO - 
================================================================================
DAG File Processing Stats

File Path                             PID  Runtime      # DAGs    # Errors  Last Runtime    Last Run               Last # of DB Queries
----------------------------------  -----  ---------  --------  ----------  --------------  -------------------  ----------------------
/opt/airflow/dags/204 dummy_dag.py     33  0.01s             1           0  0.10s           2025-01-14T21:37:39                      12
================================================================================
[2025-01-14T21:38:40.440+0000] {manager.py:997} INFO - 
================================================================================
DAG File Processing Stats

File Path                             PID  Runtime      # DAGs    # Errors  Last Runtime    Last Run               Last # of DB Queries
----------------------------------  -----  ---------  --------  ----------  --------------  -------------------  ----------------------
/opt/airflow/dags/204 dummy_dag.py     34  0.01s             1           0  0.08s           2025-01-14T21:38:10                      12
================================================================================
[2025-01-14T21:39:10.871+0000] {manager.py:997} INFO - 
================================================================================
DAG File Processing Stats

File Path                             PID  Runtime      # DAGs    # Errors  Last Runtime    Last Run               Last # of DB Queries
----------------------------------  -----  ---------  --------  ----------  --------------  -------------------  ----------------------
/opt/airflow/dags/204 dummy_dag.py     35  0.01s             1           0  0.09s           2025-01-14T21:38:40                      12
================================================================================
[2025-01-14T21:39:41.308+0000] {manager.py:997} INFO - 
================================================================================
DAG File Processing Stats

File Path                             PID  Runtime      # DAGs    # Errors  Last Runtime    Last Run               Last # of DB Queries
----------------------------------  -----  ---------  --------  ----------  --------------  -------------------  ----------------------
/opt/airflow/dags/204 dummy_dag.py     36  0.01s             1           0  0.08s           2025-01-14T21:39:10                      12
================================================================================
[2025-01-14T21:40:11.738+0000] {manager.py:997} INFO - 
================================================================================
DAG File Processing Stats

File Path                             PID  Runtime      # DAGs    # Errors  Last Runtime    Last Run               Last # of DB Queries
----------------------------------  -----  ---------  --------  ----------  --------------  -------------------  ----------------------
/opt/airflow/dags/204 dummy_dag.py     37  0.01s             1           0  0.11s           2025-01-14T21:39:41                      12
================================================================================
[2025-01-14T21:40:42.193+0000] {manager.py:997} INFO - 
================================================================================
DAG File Processing Stats

File Path                             PID  Runtime      # DAGs    # Errors  Last Runtime    Last Run               Last # of DB Queries
----------------------------------  -----  ---------  --------  ----------  --------------  -------------------  ----------------------
/opt/airflow/dags/204 dummy_dag.py     38  0.01s             1           0  0.08s           2025-01-14T21:40:11                      12
================================================================================
[2025-01-14T21:41:12.555+0000] {manager.py:997} INFO - 
================================================================================
DAG File Processing Stats

File Path                             PID  Runtime      # DAGs    # Errors  Last Runtime    Last Run               Last # of DB Queries
----------------------------------  -----  ---------  --------  ----------  --------------  -------------------  ----------------------
/opt/airflow/dags/204 dummy_dag.py     39  0.01s             1           0  0.09s           2025-01-14T21:40:42                      12
================================================================================
[2025-01-14T21:41:42.889+0000] {manager.py:997} INFO - 
================================================================================
DAG File Processing Stats

File Path                             PID  Runtime      # DAGs    # Errors  Last Runtime    Last Run               Last # of DB Queries
----------------------------------  -----  ---------  --------  ----------  --------------  -------------------  ----------------------
/opt/airflow/dags/204 dummy_dag.py     40  0.01s             1           0  0.09s           2025-01-14T21:41:12                      12
================================================================================
[2025-01-14T21:42:10.222+0000] {manager.py:821} INFO - Searching for files in /opt/airflow/dags
[2025-01-14T21:42:10.230+0000] {manager.py:824} INFO - There are 1 files in /opt/airflow/dags
[2025-01-14T21:42:13.295+0000] {manager.py:997} INFO - 
================================================================================
DAG File Processing Stats

File Path                             PID  Runtime      # DAGs    # Errors  Last Runtime    Last Run               Last # of DB Queries
----------------------------------  -----  ---------  --------  ----------  --------------  -------------------  ----------------------
/opt/airflow/dags/204 dummy_dag.py     41  0.01s             1           0  0.12s           2025-01-14T21:41:42                      12
================================================================================
[2025-01-14T21:42:43.696+0000] {manager.py:997} INFO - 
================================================================================
DAG File Processing Stats

File Path                             PID  Runtime      # DAGs    # Errors  Last Runtime    Last Run               Last # of DB Queries
----------------------------------  -----  ---------  --------  ----------  --------------  -------------------  ----------------------
/opt/airflow/dags/204 dummy_dag.py     42  0.01s             1           0  0.09s           2025-01-14T21:42:13                      12
================================================================================
[2025-01-14T21:43:14.070+0000] {manager.py:997} INFO - 
================================================================================
DAG File Processing Stats

File Path                             PID  Runtime      # DAGs    # Errors  Last Runtime    Last Run               Last # of DB Queries
----------------------------------  -----  ---------  --------  ----------  --------------  -------------------  ----------------------
/opt/airflow/dags/204 dummy_dag.py     43  0.02s             1           0  0.14s           2025-01-14T21:42:43                      12
================================================================================
[2025-01-14T21:43:44.578+0000] {manager.py:997} INFO - 
================================================================================
DAG File Processing Stats

File Path                             PID  Runtime      # DAGs    # Errors  Last Runtime    Last Run               Last # of DB Queries
----------------------------------  -----  ---------  --------  ----------  --------------  -------------------  ----------------------
/opt/airflow/dags/204 dummy_dag.py     44  0.01s             1           0  0.14s           2025-01-14T21:43:14                      12
================================================================================
[2025-01-14T21:44:14.976+0000] {manager.py:997} INFO - 
================================================================================
DAG File Processing Stats

File Path                             PID  Runtime      # DAGs    # Errors  Last Runtime    Last Run               Last # of DB Queries
----------------------------------  -----  ---------  --------  ----------  --------------  -------------------  ----------------------
/opt/airflow/dags/204 dummy_dag.py     45  0.00s             1           0  0.12s           2025-01-14T21:43:44                      12
================================================================================
[2025-01-14T21:44:45.396+0000] {manager.py:997} INFO - 
================================================================================
DAG File Processing Stats

File Path                             PID  Runtime      # DAGs    # Errors  Last Runtime    Last Run               Last # of DB Queries
----------------------------------  -----  ---------  --------  ----------  --------------  -------------------  ----------------------
/opt/airflow/dags/204 dummy_dag.py     46  0.01s             1           0  0.07s           2025-01-14T21:44:15                      12
================================================================================
[2025-01-14T21:45:15.796+0000] {manager.py:997} INFO - 
================================================================================
DAG File Processing Stats

File Path                             PID  Runtime      # DAGs    # Errors  Last Runtime    Last Run               Last # of DB Queries
----------------------------------  -----  ---------  --------  ----------  --------------  -------------------  ----------------------
/opt/airflow/dags/204 dummy_dag.py     47  0.01s             1           0  0.12s           2025-01-14T21:44:45                      12
================================================================================
[2025-01-14T21:45:46.226+0000] {manager.py:997} INFO - 
================================================================================
DAG File Processing Stats

File Path                             PID  Runtime      # DAGs    # Errors  Last Runtime    Last Run               Last # of DB Queries
----------------------------------  -----  ---------  --------  ----------  --------------  -------------------  ----------------------
/opt/airflow/dags/204 dummy_dag.py     48  0.01s             1           0  0.09s           2025-01-14T21:45:15                      12
================================================================================
[2025-01-14T21:46:16.593+0000] {manager.py:997} INFO - 
================================================================================
DAG File Processing Stats

File Path                             PID  Runtime      # DAGs    # Errors  Last Runtime    Last Run               Last # of DB Queries
----------------------------------  -----  ---------  --------  ----------  --------------  -------------------  ----------------------
/opt/airflow/dags/204 dummy_dag.py     49  0.01s             1           0  0.11s           2025-01-14T21:45:46                      12
================================================================================
[2025-01-14T21:46:46.957+0000] {manager.py:997} INFO - 
================================================================================
DAG File Processing Stats

File Path                             PID  Runtime      # DAGs    # Errors  Last Runtime    Last Run               Last # of DB Queries
----------------------------------  -----  ---------  --------  ----------  --------------  -------------------  ----------------------
/opt/airflow/dags/204 dummy_dag.py     50  0.01s             1           0  0.11s           2025-01-14T21:46:16                      12
================================================================================
[2025-01-14T21:47:10.260+0000] {manager.py:821} INFO - Searching for files in /opt/airflow/dags
[2025-01-14T21:47:10.273+0000] {manager.py:824} INFO - There are 1 files in /opt/airflow/dags
[2025-01-14T21:47:17.398+0000] {manager.py:997} INFO - 
================================================================================
DAG File Processing Stats

File Path                             PID  Runtime      # DAGs    # Errors  Last Runtime    Last Run               Last # of DB Queries
----------------------------------  -----  ---------  --------  ----------  --------------  -------------------  ----------------------
/opt/airflow/dags/204 dummy_dag.py     51  0.01s             1           0  0.08s           2025-01-14T21:46:47                      12
================================================================================
[2025-01-14T21:47:47.796+0000] {manager.py:997} INFO - 
================================================================================
DAG File Processing Stats

File Path                             PID  Runtime      # DAGs    # Errors  Last Runtime    Last Run               Last # of DB Queries
----------------------------------  -----  ---------  --------  ----------  --------------  -------------------  ----------------------
/opt/airflow/dags/204 dummy_dag.py     52  0.01s             1           0  0.12s           2025-01-14T21:47:17                      12
================================================================================
[2025-01-14T21:48:18.186+0000] {manager.py:997} INFO - 
================================================================================
DAG File Processing Stats

File Path                             PID  Runtime      # DAGs    # Errors  Last Runtime    Last Run               Last # of DB Queries
----------------------------------  -----  ---------  --------  ----------  --------------  -------------------  ----------------------
/opt/airflow/dags/204 dummy_dag.py     53  0.01s             1           0  0.08s           2025-01-14T21:47:47                      12
================================================================================
[2025-01-14T21:48:48.643+0000] {manager.py:997} INFO - 
================================================================================
DAG File Processing Stats

File Path                             PID  Runtime      # DAGs    # Errors  Last Runtime    Last Run               Last # of DB Queries
----------------------------------  -----  ---------  --------  ----------  --------------  -------------------  ----------------------
/opt/airflow/dags/204 dummy_dag.py     54  0.02s             1           0  0.07s           2025-01-14T21:48:18                      12
================================================================================
[2025-01-14T21:49:19.021+0000] {manager.py:997} INFO - 
================================================================================
DAG File Processing Stats

File Path                             PID  Runtime      # DAGs    # Errors  Last Runtime    Last Run               Last # of DB Queries
----------------------------------  -----  ---------  --------  ----------  --------------  -------------------  ----------------------
/opt/airflow/dags/204 dummy_dag.py     55  0.01s             1           0  0.14s           2025-01-14T21:48:48                      12
================================================================================
[2025-01-14T21:49:49.444+0000] {manager.py:997} INFO - 
================================================================================
DAG File Processing Stats

File Path                             PID  Runtime      # DAGs    # Errors  Last Runtime    Last Run               Last # of DB Queries
----------------------------------  -----  ---------  --------  ----------  --------------  -------------------  ----------------------
/opt/airflow/dags/204 dummy_dag.py     56  0.01s             1           0  0.08s           2025-01-14T21:49:19                      12
================================================================================
[2025-01-14T21:50:19.781+0000] {manager.py:997} INFO - 
================================================================================
DAG File Processing Stats

File Path                             PID  Runtime      # DAGs    # Errors  Last Runtime    Last Run               Last # of DB Queries
----------------------------------  -----  ---------  --------  ----------  --------------  -------------------  ----------------------
/opt/airflow/dags/204 dummy_dag.py     57  0.00s             1           0  0.11s           2025-01-14T21:49:49                      12
================================================================================
[2025-01-14T21:50:50.191+0000] {manager.py:997} INFO - 
================================================================================
DAG File Processing Stats

File Path                             PID  Runtime      # DAGs    # Errors  Last Runtime    Last Run               Last # of DB Queries
----------------------------------  -----  ---------  --------  ----------  --------------  -------------------  ----------------------
/opt/airflow/dags/204 dummy_dag.py     58  0.01s             1           0  0.07s           2025-01-14T21:50:19                      12
================================================================================
[2025-01-14T21:51:20.571+0000] {manager.py:997} INFO - 
================================================================================
DAG File Processing Stats

File Path                             PID  Runtime      # DAGs    # Errors  Last Runtime    Last Run               Last # of DB Queries
----------------------------------  -----  ---------  --------  ----------  --------------  -------------------  ----------------------
/opt/airflow/dags/204 dummy_dag.py     59  0.01s             1           0  0.10s           2025-01-14T21:50:50                      12
================================================================================
[2025-01-14T21:51:50.998+0000] {manager.py:997} INFO - 
================================================================================
DAG File Processing Stats

File Path                             PID  Runtime      # DAGs    # Errors  Last Runtime    Last Run               Last # of DB Queries
----------------------------------  -----  ---------  --------  ----------  --------------  -------------------  ----------------------
/opt/airflow/dags/204 dummy_dag.py     60  0.01s             1           0  0.08s           2025-01-14T21:51:20                      12
================================================================================
[2025-01-14T21:52:11.247+0000] {manager.py:821} INFO - Searching for files in /opt/airflow/dags
[2025-01-14T21:52:11.255+0000] {manager.py:824} INFO - There are 1 files in /opt/airflow/dags
[2025-01-14T21:52:21.397+0000] {manager.py:997} INFO - 
================================================================================
DAG File Processing Stats

File Path                             PID  Runtime      # DAGs    # Errors  Last Runtime    Last Run               Last # of DB Queries
----------------------------------  -----  ---------  --------  ----------  --------------  -------------------  ----------------------
/opt/airflow/dags/204 dummy_dag.py     61  0.01s             1           0  0.09s           2025-01-14T21:51:51                      12
================================================================================
[2025-01-14T21:52:51.834+0000] {manager.py:997} INFO - 
================================================================================
DAG File Processing Stats

File Path                             PID  Runtime      # DAGs    # Errors  Last Runtime    Last Run               Last # of DB Queries
----------------------------------  -----  ---------  --------  ----------  --------------  -------------------  ----------------------
/opt/airflow/dags/204 dummy_dag.py     62  0.01s             1           0  0.09s           2025-01-14T21:52:21                      12
================================================================================
[2025-01-14T21:53:22.252+0000] {manager.py:997} INFO - 
================================================================================
DAG File Processing Stats

File Path                             PID  Runtime      # DAGs    # Errors  Last Runtime    Last Run               Last # of DB Queries
----------------------------------  -----  ---------  --------  ----------  --------------  -------------------  ----------------------
/opt/airflow/dags/204 dummy_dag.py     63  0.01s             1           0  0.09s           2025-01-14T21:52:51                      12
================================================================================
[2025-01-14T21:53:52.649+0000] {manager.py:997} INFO - 
================================================================================
DAG File Processing Stats

File Path                             PID  Runtime      # DAGs    # Errors  Last Runtime    Last Run               Last # of DB Queries
----------------------------------  -----  ---------  --------  ----------  --------------  -------------------  ----------------------
/opt/airflow/dags/204 dummy_dag.py     64  0.01s             1           0  0.11s           2025-01-14T21:53:22                      12
================================================================================
[2025-01-14T21:54:23.011+0000] {manager.py:997} INFO - 
================================================================================
DAG File Processing Stats

File Path                             PID  Runtime      # DAGs    # Errors  Last Runtime    Last Run               Last # of DB Queries
----------------------------------  -----  ---------  --------  ----------  --------------  -------------------  ----------------------
/opt/airflow/dags/204 dummy_dag.py     65  0.01s             1           0  0.09s           2025-01-14T21:53:52                      12
================================================================================
[2025-01-14T21:54:53.366+0000] {manager.py:997} INFO - 
================================================================================
DAG File Processing Stats

File Path                             PID  Runtime      # DAGs    # Errors  Last Runtime    Last Run               Last # of DB Queries
----------------------------------  -----  ---------  --------  ----------  --------------  -------------------  ----------------------
/opt/airflow/dags/204 dummy_dag.py     66  0.01s             1           0  0.08s           2025-01-14T21:54:23                      12
================================================================================
[2025-01-14T21:55:23.709+0000] {manager.py:997} INFO - 
================================================================================
DAG File Processing Stats

File Path                             PID  Runtime      # DAGs    # Errors  Last Runtime    Last Run               Last # of DB Queries
----------------------------------  -----  ---------  --------  ----------  --------------  -------------------  ----------------------
/opt/airflow/dags/204 dummy_dag.py     67  0.01s             1           0  0.09s           2025-01-14T21:54:53                      12
================================================================================
[2025-01-14T21:55:54.088+0000] {manager.py:997} INFO - 
================================================================================
DAG File Processing Stats

File Path                             PID  Runtime      # DAGs    # Errors  Last Runtime    Last Run               Last # of DB Queries
----------------------------------  -----  ---------  --------  ----------  --------------  -------------------  ----------------------
/opt/airflow/dags/204 dummy_dag.py     68  0.00s             1           0  0.08s           2025-01-14T21:55:23                      12
================================================================================
[2025-01-14T21:56:24.498+0000] {manager.py:997} INFO - 
================================================================================
DAG File Processing Stats

File Path                             PID  Runtime      # DAGs    # Errors  Last Runtime    Last Run               Last # of DB Queries
----------------------------------  -----  ---------  --------  ----------  --------------  -------------------  ----------------------
/opt/airflow/dags/204 dummy_dag.py     69  0.01s             1           0  0.07s           2025-01-14T21:55:54                      12
================================================================================
[2025-01-14T21:56:54.896+0000] {manager.py:997} INFO - 
================================================================================
DAG File Processing Stats

File Path                             PID  Runtime      # DAGs    # Errors  Last Runtime    Last Run               Last # of DB Queries
----------------------------------  -----  ---------  --------  ----------  --------------  -------------------  ----------------------
/opt/airflow/dags/204 dummy_dag.py     70  0.01s             1           0  0.07s           2025-01-14T21:56:24                      12
================================================================================
[2025-01-14T21:57:12.111+0000] {manager.py:821} INFO - Searching for files in /opt/airflow/dags
[2025-01-14T21:57:12.119+0000] {manager.py:824} INFO - There are 1 files in /opt/airflow/dags
[2025-01-14T21:57:25.317+0000] {manager.py:997} INFO - 
================================================================================
DAG File Processing Stats

File Path                             PID  Runtime      # DAGs    # Errors  Last Runtime    Last Run               Last # of DB Queries
----------------------------------  -----  ---------  --------  ----------  --------------  -------------------  ----------------------
/opt/airflow/dags/204 dummy_dag.py     71  0.01s             1           0  0.10s           2025-01-14T21:56:54                      12
================================================================================
[2025-01-14T21:57:55.743+0000] {manager.py:997} INFO - 
================================================================================
DAG File Processing Stats

File Path                             PID  Runtime      # DAGs    # Errors  Last Runtime    Last Run               Last # of DB Queries
----------------------------------  -----  ---------  --------  ----------  --------------  -------------------  ----------------------
/opt/airflow/dags/204 dummy_dag.py     72  0.01s             1           0  0.07s           2025-01-14T21:57:25                      12
================================================================================
[2025-01-14T21:58:26.105+0000] {manager.py:997} INFO - 
================================================================================
DAG File Processing Stats

File Path                             PID  Runtime      # DAGs    # Errors  Last Runtime    Last Run               Last # of DB Queries
----------------------------------  -----  ---------  --------  ----------  --------------  -------------------  ----------------------
/opt/airflow/dags/204 dummy_dag.py     73  0.00s             1           0  0.10s           2025-01-14T21:57:55                      12
================================================================================
[2025-01-14T21:58:56.404+0000] {manager.py:997} INFO - 
================================================================================
DAG File Processing Stats

File Path                             PID  Runtime      # DAGs    # Errors  Last Runtime    Last Run               Last # of DB Queries
----------------------------------  -----  ---------  --------  ----------  --------------  -------------------  ----------------------
/opt/airflow/dags/204 dummy_dag.py     74  0.01s             1           0  0.09s           2025-01-14T21:58:26                      12
================================================================================
[2025-01-14T21:59:26.740+0000] {manager.py:997} INFO - 
================================================================================
DAG File Processing Stats

File Path                             PID  Runtime      # DAGs    # Errors  Last Runtime    Last Run               Last # of DB Queries
----------------------------------  -----  ---------  --------  ----------  --------------  -------------------  ----------------------
/opt/airflow/dags/204 dummy_dag.py     75  0.00s             1           0  0.10s           2025-01-14T21:58:56                      12
================================================================================
[2025-01-14T21:59:57.099+0000] {manager.py:997} INFO - 
================================================================================
DAG File Processing Stats

File Path                             PID  Runtime      # DAGs    # Errors  Last Runtime    Last Run               Last # of DB Queries
----------------------------------  -----  ---------  --------  ----------  --------------  -------------------  ----------------------
/opt/airflow/dags/204 dummy_dag.py     76  0.02s             1           0  0.21s           2025-01-14T21:59:26                      12
================================================================================
[2025-01-14T22:00:27.578+0000] {manager.py:997} INFO - 
================================================================================
DAG File Processing Stats

File Path                             PID  Runtime      # DAGs    # Errors  Last Runtime    Last Run               Last # of DB Queries
----------------------------------  -----  ---------  --------  ----------  --------------  -------------------  ----------------------
/opt/airflow/dags/204 dummy_dag.py     77  0.01s             1           0  0.17s           2025-01-14T21:59:57                      12
================================================================================
[2025-01-14T22:00:57.978+0000] {manager.py:997} INFO - 
================================================================================
DAG File Processing Stats

File Path                             PID  Runtime      # DAGs    # Errors  Last Runtime    Last Run               Last # of DB Queries
----------------------------------  -----  ---------  --------  ----------  --------------  -------------------  ----------------------
/opt/airflow/dags/204 dummy_dag.py     78  0.01s             1           0  0.09s           2025-01-14T22:00:27                      12
================================================================================
[2025-01-14T22:01:28.354+0000] {manager.py:997} INFO - 
================================================================================
DAG File Processing Stats

File Path                             PID  Runtime      # DAGs    # Errors  Last Runtime    Last Run               Last # of DB Queries
----------------------------------  -----  ---------  --------  ----------  --------------  -------------------  ----------------------
/opt/airflow/dags/204 dummy_dag.py     79  0.00s             1           0  0.10s           2025-01-14T22:00:58                      12
================================================================================
[2025-01-14T22:01:58.689+0000] {manager.py:997} INFO - 
================================================================================
DAG File Processing Stats

File Path                             PID  Runtime      # DAGs    # Errors  Last Runtime    Last Run               Last # of DB Queries
----------------------------------  -----  ---------  --------  ----------  --------------  -------------------  ----------------------
/opt/airflow/dags/204 dummy_dag.py     80  0.01s             1           0  0.07s           2025-01-14T22:01:28                      12
================================================================================
[2025-01-14T22:02:12.879+0000] {manager.py:821} INFO - Searching for files in /opt/airflow/dags
[2025-01-14T22:02:12.887+0000] {manager.py:824} INFO - There are 1 files in /opt/airflow/dags
[2025-01-14T22:02:29.332+0000] {manager.py:997} INFO - 
================================================================================
DAG File Processing Stats

File Path                             PID  Runtime      # DAGs    # Errors  Last Runtime    Last Run               Last # of DB Queries
----------------------------------  -----  ---------  --------  ----------  --------------  -------------------  ----------------------
/opt/airflow/dags/204 dummy_dag.py     81  0.02s             1           0  0.08s           2025-01-14T22:01:58                      12
================================================================================
[2025-01-14T22:18:19.019+0000] {manager.py:821} INFO - Searching for files in /opt/airflow/dags
[2025-01-14T22:18:19.023+0000] {manager.py:824} INFO - There are 1 files in /opt/airflow/dags
[2025-01-14T22:18:19.038+0000] {manager.py:997} INFO - 
================================================================================
DAG File Processing Stats

File Path                             PID  Runtime      # DAGs    # Errors  Last Runtime    Last Run               Last # of DB Queries
----------------------------------  -----  ---------  --------  ----------  --------------  -------------------  ----------------------
/opt/airflow/dags/204 dummy_dag.py     82  0.00s             1           0  0.13s           2025-01-14T22:02:29                      12
================================================================================
[2025-01-14T22:18:49.530+0000] {manager.py:997} INFO - 
================================================================================
DAG File Processing Stats

File Path                             PID  Runtime      # DAGs    # Errors  Last Runtime    Last Run               Last # of DB Queries
----------------------------------  -----  ---------  --------  ----------  --------------  -------------------  ----------------------
/opt/airflow/dags/204 dummy_dag.py     83  0.01s             1           0  0.06s           2025-01-14T22:18:19                      12
================================================================================
[2025-01-14T23:23:32.533+0000] {manager.py:821} INFO - Searching for files in /opt/airflow/dags
[2025-01-14T23:23:32.538+0000] {manager.py:824} INFO - There are 1 files in /opt/airflow/dags
[2025-01-14T23:23:33.568+0000] {manager.py:997} INFO - 
================================================================================
DAG File Processing Stats

File Path                           PID    Runtime      # DAGs    # Errors  Last Runtime    Last Run               Last # of DB Queries
----------------------------------  -----  ---------  --------  ----------  --------------  -------------------  ----------------------
/opt/airflow/dags/204 dummy_dag.py                           1           0  0.09s           2025-01-14T23:23:32                      12
================================================================================
[2025-01-14T23:24:04.080+0000] {manager.py:997} INFO - 
================================================================================
DAG File Processing Stats

File Path                           PID    Runtime      # DAGs    # Errors  Last Runtime    Last Run               Last # of DB Queries
----------------------------------  -----  ---------  --------  ----------  --------------  -------------------  ----------------------
/opt/airflow/dags/204 dummy_dag.py                           1           0  0.07s           2025-01-14T23:24:03                      12
================================================================================
[2025-01-14T23:24:34.471+0000] {manager.py:997} INFO - 
================================================================================
DAG File Processing Stats

File Path                           PID    Runtime      # DAGs    # Errors  Last Runtime    Last Run               Last # of DB Queries
----------------------------------  -----  ---------  --------  ----------  --------------  -------------------  ----------------------
/opt/airflow/dags/204 dummy_dag.py                           1           0  0.06s           2025-01-14T23:24:33                      12
================================================================================
[2025-01-14T23:57:42.399+0000] {manager.py:821} INFO - Searching for files in /opt/airflow/dags
[2025-01-14T23:57:42.404+0000] {manager.py:824} INFO - There are 1 files in /opt/airflow/dags
[2025-01-14T23:57:44.469+0000] {manager.py:997} INFO - 
================================================================================
DAG File Processing Stats

File Path                           PID    Runtime      # DAGs    # Errors  Last Runtime    Last Run               Last # of DB Queries
----------------------------------  -----  ---------  --------  ----------  --------------  -------------------  ----------------------
/opt/airflow/dags/204 dummy_dag.py                           1           0  0.06s           2025-01-14T23:57:42                      12
================================================================================
[2025-01-15T00:34:57.890+0000] {manager.py:821} INFO - Searching for files in /opt/airflow/dags
[2025-01-15T00:34:57.897+0000] {manager.py:824} INFO - There are 1 files in /opt/airflow/dags
[2025-01-15T00:35:00.985+0000] {manager.py:997} INFO - 
================================================================================
DAG File Processing Stats

File Path                           PID    Runtime      # DAGs    # Errors  Last Runtime    Last Run               Last # of DB Queries
----------------------------------  -----  ---------  --------  ----------  --------------  -------------------  ----------------------
/opt/airflow/dags/204 dummy_dag.py                           1           0  0.10s           2025-01-15T00:34:58                      12
================================================================================
[2025-01-15T01:24:56.393+0000] {manager.py:821} INFO - Searching for files in /opt/airflow/dags
[2025-01-15T01:24:56.397+0000] {manager.py:824} INFO - There are 1 files in /opt/airflow/dags
[2025-01-15T01:24:59.468+0000] {manager.py:997} INFO - 
================================================================================
DAG File Processing Stats

File Path                           PID    Runtime      # DAGs    # Errors  Last Runtime    Last Run               Last # of DB Queries
----------------------------------  -----  ---------  --------  ----------  --------------  -------------------  ----------------------
/opt/airflow/dags/204 dummy_dag.py                           1           0  0.06s           2025-01-15T01:24:56                      12
================================================================================
[2025-01-15T01:43:09.486+0000] {manager.py:821} INFO - Searching for files in /opt/airflow/dags
[2025-01-15T01:43:09.491+0000] {manager.py:824} INFO - There are 1 files in /opt/airflow/dags
[2025-01-15T01:43:13.566+0000] {manager.py:997} INFO - 
================================================================================
DAG File Processing Stats

File Path                           PID    Runtime      # DAGs    # Errors  Last Runtime    Last Run               Last # of DB Queries
----------------------------------  -----  ---------  --------  ----------  --------------  -------------------  ----------------------
/opt/airflow/dags/204 dummy_dag.py                           1           0  0.06s           2025-01-15T01:43:09                      12
================================================================================
[2025-01-15T01:43:43.976+0000] {manager.py:997} INFO - 
================================================================================
DAG File Processing Stats

File Path                           PID    Runtime      # DAGs    # Errors  Last Runtime    Last Run               Last # of DB Queries
----------------------------------  -----  ---------  --------  ----------  --------------  -------------------  ----------------------
/opt/airflow/dags/204 dummy_dag.py                           1           0  0.09s           2025-01-15T01:43:39                      12
================================================================================
[2025-01-15T01:44:14.438+0000] {manager.py:997} INFO - 
================================================================================
DAG File Processing Stats

File Path                           PID    Runtime      # DAGs    # Errors  Last Runtime    Last Run               Last # of DB Queries
----------------------------------  -----  ---------  --------  ----------  --------------  -------------------  ----------------------
/opt/airflow/dags/204 dummy_dag.py                           1           0  0.08s           2025-01-15T01:44:10                      12
================================================================================
[2025-01-15T02:50:35.438+0000] {manager.py:821} INFO - Searching for files in /opt/airflow/dags
[2025-01-15T02:50:35.445+0000] {manager.py:824} INFO - There are 1 files in /opt/airflow/dags
[2025-01-15T02:50:40.562+0000] {manager.py:997} INFO - 
================================================================================
DAG File Processing Stats

File Path                           PID    Runtime      # DAGs    # Errors  Last Runtime    Last Run               Last # of DB Queries
----------------------------------  -----  ---------  --------  ----------  --------------  -------------------  ----------------------
/opt/airflow/dags/204 dummy_dag.py                           1           0  0.08s           2025-01-15T02:50:35                      12
================================================================================
[2025-01-15T02:51:10.956+0000] {manager.py:997} INFO - 
================================================================================
DAG File Processing Stats

File Path                           PID    Runtime      # DAGs    # Errors  Last Runtime    Last Run               Last # of DB Queries
----------------------------------  -----  ---------  --------  ----------  --------------  -------------------  ----------------------
/opt/airflow/dags/204 dummy_dag.py                           1           0  0.11s           2025-01-15T02:51:05                      12
================================================================================
[2025-01-15T02:51:41.381+0000] {manager.py:997} INFO - 
================================================================================
DAG File Processing Stats

File Path                           PID    Runtime      # DAGs    # Errors  Last Runtime    Last Run               Last # of DB Queries
----------------------------------  -----  ---------  --------  ----------  --------------  -------------------  ----------------------
/opt/airflow/dags/204 dummy_dag.py                           1           0  0.08s           2025-01-15T02:51:36                      12
================================================================================
[2025-01-15T03:07:44.658+0000] {manager.py:821} INFO - Searching for files in /opt/airflow/dags
[2025-01-15T03:07:44.662+0000] {manager.py:824} INFO - There are 1 files in /opt/airflow/dags
[2025-01-15T03:07:51.782+0000] {manager.py:997} INFO - 
================================================================================
DAG File Processing Stats

File Path                           PID    Runtime      # DAGs    # Errors  Last Runtime    Last Run               Last # of DB Queries
----------------------------------  -----  ---------  --------  ----------  --------------  -------------------  ----------------------
/opt/airflow/dags/204 dummy_dag.py                           1           0  0.28s           2025-01-15T03:07:44                      12
================================================================================
[2025-01-15T03:58:56.043+0000] {manager.py:821} INFO - Searching for files in /opt/airflow/dags
[2025-01-15T03:58:56.050+0000] {manager.py:824} INFO - There are 1 files in /opt/airflow/dags
[2025-01-15T03:59:03.160+0000] {manager.py:997} INFO - 
================================================================================
DAG File Processing Stats

File Path                           PID    Runtime      # DAGs    # Errors  Last Runtime    Last Run               Last # of DB Queries
----------------------------------  -----  ---------  --------  ----------  --------------  -------------------  ----------------------
/opt/airflow/dags/204 dummy_dag.py                           1           0  0.07s           2025-01-15T03:58:56                      12
================================================================================
[2025-01-15T03:59:33.649+0000] {manager.py:997} INFO - 
================================================================================
DAG File Processing Stats

File Path                           PID    Runtime      # DAGs    # Errors  Last Runtime    Last Run               Last # of DB Queries
----------------------------------  -----  ---------  --------  ----------  --------------  -------------------  ----------------------
/opt/airflow/dags/204 dummy_dag.py                           1           0  0.08s           2025-01-15T03:59:26                      12
================================================================================
[2025-01-15T04:00:04.109+0000] {manager.py:997} INFO - 
================================================================================
DAG File Processing Stats

File Path                           PID    Runtime      # DAGs    # Errors  Last Runtime    Last Run               Last # of DB Queries
----------------------------------  -----  ---------  --------  ----------  --------------  -------------------  ----------------------
/opt/airflow/dags/204 dummy_dag.py                           1           0  0.12s           2025-01-15T03:59:57                      12
================================================================================
[2025-01-15T05:05:50.965+0000] {manager.py:821} INFO - Searching for files in /opt/airflow/dags
[2025-01-15T05:05:50.973+0000] {manager.py:824} INFO - There are 1 files in /opt/airflow/dags
[2025-01-15T05:06:00.159+0000] {manager.py:997} INFO - 
================================================================================
DAG File Processing Stats

File Path                           PID    Runtime      # DAGs    # Errors  Last Runtime    Last Run               Last # of DB Queries
----------------------------------  -----  ---------  --------  ----------  --------------  -------------------  ----------------------
/opt/airflow/dags/204 dummy_dag.py                           1           0  0.11s           2025-01-15T05:05:51                      12
================================================================================
[2025-01-15T05:06:30.677+0000] {manager.py:997} INFO - 
================================================================================
DAG File Processing Stats

File Path                           PID    Runtime      # DAGs    # Errors  Last Runtime    Last Run               Last # of DB Queries
----------------------------------  -----  ---------  --------  ----------  --------------  -------------------  ----------------------
/opt/airflow/dags/204 dummy_dag.py                           1           0  0.07s           2025-01-15T05:06:21                      12
================================================================================
[2025-01-15T05:07:01.182+0000] {manager.py:997} INFO - 
================================================================================
DAG File Processing Stats

File Path                           PID    Runtime      # DAGs    # Errors  Last Runtime    Last Run               Last # of DB Queries
----------------------------------  -----  ---------  --------  ----------  --------------  -------------------  ----------------------
/opt/airflow/dags/204 dummy_dag.py                           1           0  0.09s           2025-01-15T05:06:52                      12
================================================================================
[2025-01-15T05:07:31.601+0000] {manager.py:997} INFO - 
================================================================================
DAG File Processing Stats

File Path                           PID    Runtime      # DAGs    # Errors  Last Runtime    Last Run               Last # of DB Queries
----------------------------------  -----  ---------  --------  ----------  --------------  -------------------  ----------------------
/opt/airflow/dags/204 dummy_dag.py                           1           0  0.08s           2025-01-15T05:07:22                      12
================================================================================
[2025-01-15T06:00:21.520+0000] {manager.py:821} INFO - Searching for files in /opt/airflow/dags
[2025-01-15T06:00:21.526+0000] {manager.py:824} INFO - There are 1 files in /opt/airflow/dags
[2025-01-15T06:00:32.727+0000] {manager.py:997} INFO - 
================================================================================
DAG File Processing Stats

File Path                           PID    Runtime      # DAGs    # Errors  Last Runtime    Last Run               Last # of DB Queries
----------------------------------  -----  ---------  --------  ----------  --------------  -------------------  ----------------------
/opt/airflow/dags/204 dummy_dag.py                           1           0  0.07s           2025-01-15T06:00:21                      12
================================================================================
[2025-01-15T06:10:14.183+0000] {manager.py:821} INFO - Searching for files in /opt/airflow/dags
[2025-01-15T06:10:14.188+0000] {manager.py:824} INFO - There are 1 files in /opt/airflow/dags
[2025-01-15T06:10:25.409+0000] {manager.py:997} INFO - 
================================================================================
DAG File Processing Stats

File Path                           PID    Runtime      # DAGs    # Errors  Last Runtime    Last Run               Last # of DB Queries
----------------------------------  -----  ---------  --------  ----------  --------------  -------------------  ----------------------
/opt/airflow/dags/204 dummy_dag.py                           1           0  0.11s           2025-01-15T06:10:14                      12
================================================================================
[2025-01-15T06:29:06.401+0000] {manager.py:821} INFO - Searching for files in /opt/airflow/dags
[2025-01-15T06:29:06.407+0000] {manager.py:824} INFO - There are 1 files in /opt/airflow/dags
[2025-01-15T06:29:18.604+0000] {manager.py:997} INFO - 
================================================================================
DAG File Processing Stats

File Path                           PID    Runtime      # DAGs    # Errors  Last Runtime    Last Run               Last # of DB Queries
----------------------------------  -----  ---------  --------  ----------  --------------  -------------------  ----------------------
/opt/airflow/dags/204 dummy_dag.py                           1           0  0.07s           2025-01-15T06:29:06                      12
================================================================================
[2025-01-15T06:45:13.143+0000] {manager.py:821} INFO - Searching for files in /opt/airflow/dags
[2025-01-15T06:45:13.200+0000] {manager.py:824} INFO - There are 1 files in /opt/airflow/dags
[2025-01-15T06:45:25.407+0000] {manager.py:997} INFO - 
================================================================================
DAG File Processing Stats

File Path                           PID    Runtime      # DAGs    # Errors  Last Runtime    Last Run               Last # of DB Queries
----------------------------------  -----  ---------  --------  ----------  --------------  -------------------  ----------------------
/opt/airflow/dags/204 dummy_dag.py                           1           0  0.28s           2025-01-15T06:45:13                      12
================================================================================
[2025-01-15T06:45:43.313+0000] {manager.py:465} INFO - Exiting gracefully upon receiving signal 15
