[2025-01-15T00:34:57.937+0000] {processor.py:186} INFO - Started process (PID=88) to work on /opt/airflow/dags/204 dummy_dag.py
[2025-01-15T00:34:57.940+0000] {processor.py:914} INFO - Processing file /opt/airflow/dags/204 dummy_dag.py for tasks to queue
[2025-01-15T00:34:57.952+0000] {logging_mixin.py:190} INFO - [2025-01-15T00:34:57.950+0000] {dagbag.py:588} INFO - Filling up the DagBag from /opt/airflow/dags/204 dummy_dag.py
[2025-01-15T00:34:57.964+0000] {processor.py:925} INFO - DAG(s) 'example_dag' retrieved from /opt/airflow/dags/204 dummy_dag.py
[2025-01-15T00:34:57.983+0000] {logging_mixin.py:190} INFO - [2025-01-15T00:34:57.983+0000] {dag.py:3239} INFO - Sync 1 DAGs
[2025-01-15T00:34:57.998+0000] {logging_mixin.py:190} INFO - [2025-01-15T00:34:57.998+0000] {dag.py:4180} INFO - Setting next_dagrun for example_dag to 2016-01-01 00:00:00+00:00, run_after=2016-01-02 00:00:00+00:00
[2025-01-15T00:34:58.007+0000] {processor.py:208} INFO - Processing /opt/airflow/dags/204 dummy_dag.py took 0.081 seconds
[2025-01-15T01:24:56.422+0000] {processor.py:186} INFO - Started process (PID=89) to work on /opt/airflow/dags/204 dummy_dag.py
[2025-01-15T01:24:56.423+0000] {processor.py:914} INFO - Processing file /opt/airflow/dags/204 dummy_dag.py for tasks to queue
[2025-01-15T01:24:56.425+0000] {logging_mixin.py:190} INFO - [2025-01-15T01:24:56.425+0000] {dagbag.py:588} INFO - Filling up the DagBag from /opt/airflow/dags/204 dummy_dag.py
[2025-01-15T01:24:56.432+0000] {processor.py:925} INFO - DAG(s) 'example_dag' retrieved from /opt/airflow/dags/204 dummy_dag.py
[2025-01-15T01:24:56.446+0000] {logging_mixin.py:190} INFO - [2025-01-15T01:24:56.446+0000] {dag.py:3239} INFO - Sync 1 DAGs
[2025-01-15T01:24:56.458+0000] {logging_mixin.py:190} INFO - [2025-01-15T01:24:56.458+0000] {dag.py:4180} INFO - Setting next_dagrun for example_dag to 2016-01-01 00:00:00+00:00, run_after=2016-01-02 00:00:00+00:00
[2025-01-15T01:24:56.466+0000] {processor.py:208} INFO - Processing /opt/airflow/dags/204 dummy_dag.py took 0.049 seconds
[2025-01-15T01:43:09.518+0000] {processor.py:186} INFO - Started process (PID=90) to work on /opt/airflow/dags/204 dummy_dag.py
[2025-01-15T01:43:09.519+0000] {processor.py:914} INFO - Processing file /opt/airflow/dags/204 dummy_dag.py for tasks to queue
[2025-01-15T01:43:09.521+0000] {logging_mixin.py:190} INFO - [2025-01-15T01:43:09.521+0000] {dagbag.py:588} INFO - Filling up the DagBag from /opt/airflow/dags/204 dummy_dag.py
[2025-01-15T01:43:09.529+0000] {processor.py:925} INFO - DAG(s) 'example_dag' retrieved from /opt/airflow/dags/204 dummy_dag.py
[2025-01-15T01:43:09.545+0000] {logging_mixin.py:190} INFO - [2025-01-15T01:43:09.545+0000] {dag.py:3239} INFO - Sync 1 DAGs
[2025-01-15T01:43:09.556+0000] {logging_mixin.py:190} INFO - [2025-01-15T01:43:09.556+0000] {dag.py:4180} INFO - Setting next_dagrun for example_dag to 2016-01-01 00:00:00+00:00, run_after=2016-01-02 00:00:00+00:00
[2025-01-15T01:43:09.563+0000] {processor.py:208} INFO - Processing /opt/airflow/dags/204 dummy_dag.py took 0.051 seconds
[2025-01-15T01:43:39.918+0000] {processor.py:186} INFO - Started process (PID=91) to work on /opt/airflow/dags/204 dummy_dag.py
[2025-01-15T01:43:39.919+0000] {processor.py:914} INFO - Processing file /opt/airflow/dags/204 dummy_dag.py for tasks to queue
[2025-01-15T01:43:39.922+0000] {logging_mixin.py:190} INFO - [2025-01-15T01:43:39.922+0000] {dagbag.py:588} INFO - Filling up the DagBag from /opt/airflow/dags/204 dummy_dag.py
[2025-01-15T01:43:39.935+0000] {processor.py:925} INFO - DAG(s) 'example_dag' retrieved from /opt/airflow/dags/204 dummy_dag.py
[2025-01-15T01:43:39.955+0000] {logging_mixin.py:190} INFO - [2025-01-15T01:43:39.955+0000] {dag.py:3239} INFO - Sync 1 DAGs
[2025-01-15T01:43:39.968+0000] {logging_mixin.py:190} INFO - [2025-01-15T01:43:39.968+0000] {dag.py:4180} INFO - Setting next_dagrun for example_dag to 2016-01-01 00:00:00+00:00, run_after=2016-01-02 00:00:00+00:00
[2025-01-15T01:43:39.977+0000] {processor.py:208} INFO - Processing /opt/airflow/dags/204 dummy_dag.py took 0.073 seconds
[2025-01-15T01:44:10.380+0000] {processor.py:186} INFO - Started process (PID=92) to work on /opt/airflow/dags/204 dummy_dag.py
[2025-01-15T01:44:10.382+0000] {processor.py:914} INFO - Processing file /opt/airflow/dags/204 dummy_dag.py for tasks to queue
[2025-01-15T01:44:10.384+0000] {logging_mixin.py:190} INFO - [2025-01-15T01:44:10.384+0000] {dagbag.py:588} INFO - Filling up the DagBag from /opt/airflow/dags/204 dummy_dag.py
[2025-01-15T01:44:10.394+0000] {processor.py:925} INFO - DAG(s) 'example_dag' retrieved from /opt/airflow/dags/204 dummy_dag.py
[2025-01-15T01:44:10.411+0000] {logging_mixin.py:190} INFO - [2025-01-15T01:44:10.411+0000] {dag.py:3239} INFO - Sync 1 DAGs
[2025-01-15T01:44:10.422+0000] {logging_mixin.py:190} INFO - [2025-01-15T01:44:10.422+0000] {dag.py:4180} INFO - Setting next_dagrun for example_dag to 2016-01-01 00:00:00+00:00, run_after=2016-01-02 00:00:00+00:00
[2025-01-15T01:44:10.430+0000] {processor.py:208} INFO - Processing /opt/airflow/dags/204 dummy_dag.py took 0.057 seconds
[2025-01-15T02:50:35.476+0000] {processor.py:186} INFO - Started process (PID=93) to work on /opt/airflow/dags/204 dummy_dag.py
[2025-01-15T02:50:35.477+0000] {processor.py:914} INFO - Processing file /opt/airflow/dags/204 dummy_dag.py for tasks to queue
[2025-01-15T02:50:35.479+0000] {logging_mixin.py:190} INFO - [2025-01-15T02:50:35.479+0000] {dagbag.py:588} INFO - Filling up the DagBag from /opt/airflow/dags/204 dummy_dag.py
[2025-01-15T02:50:35.487+0000] {processor.py:925} INFO - DAG(s) 'example_dag' retrieved from /opt/airflow/dags/204 dummy_dag.py
[2025-01-15T02:50:35.504+0000] {logging_mixin.py:190} INFO - [2025-01-15T02:50:35.504+0000] {dag.py:3239} INFO - Sync 1 DAGs
[2025-01-15T02:50:35.527+0000] {logging_mixin.py:190} INFO - [2025-01-15T02:50:35.527+0000] {dag.py:4180} INFO - Setting next_dagrun for example_dag to 2016-01-01 00:00:00+00:00, run_after=2016-01-02 00:00:00+00:00
[2025-01-15T02:50:35.535+0000] {processor.py:208} INFO - Processing /opt/airflow/dags/204 dummy_dag.py took 0.066 seconds
[2025-01-15T02:51:05.894+0000] {processor.py:186} INFO - Started process (PID=94) to work on /opt/airflow/dags/204 dummy_dag.py
[2025-01-15T02:51:05.896+0000] {processor.py:914} INFO - Processing file /opt/airflow/dags/204 dummy_dag.py for tasks to queue
[2025-01-15T02:51:05.899+0000] {logging_mixin.py:190} INFO - [2025-01-15T02:51:05.899+0000] {dagbag.py:588} INFO - Filling up the DagBag from /opt/airflow/dags/204 dummy_dag.py
[2025-01-15T02:51:05.914+0000] {processor.py:925} INFO - DAG(s) 'example_dag' retrieved from /opt/airflow/dags/204 dummy_dag.py
[2025-01-15T02:51:05.955+0000] {logging_mixin.py:190} INFO - [2025-01-15T02:51:05.955+0000] {dag.py:3239} INFO - Sync 1 DAGs
[2025-01-15T02:51:05.968+0000] {logging_mixin.py:190} INFO - [2025-01-15T02:51:05.968+0000] {dag.py:4180} INFO - Setting next_dagrun for example_dag to 2016-01-01 00:00:00+00:00, run_after=2016-01-02 00:00:00+00:00
[2025-01-15T02:51:05.976+0000] {processor.py:208} INFO - Processing /opt/airflow/dags/204 dummy_dag.py took 0.088 seconds
[2025-01-15T02:51:36.319+0000] {processor.py:186} INFO - Started process (PID=95) to work on /opt/airflow/dags/204 dummy_dag.py
[2025-01-15T02:51:36.320+0000] {processor.py:914} INFO - Processing file /opt/airflow/dags/204 dummy_dag.py for tasks to queue
[2025-01-15T02:51:36.323+0000] {logging_mixin.py:190} INFO - [2025-01-15T02:51:36.323+0000] {dagbag.py:588} INFO - Filling up the DagBag from /opt/airflow/dags/204 dummy_dag.py
[2025-01-15T02:51:36.331+0000] {processor.py:925} INFO - DAG(s) 'example_dag' retrieved from /opt/airflow/dags/204 dummy_dag.py
[2025-01-15T02:51:36.350+0000] {logging_mixin.py:190} INFO - [2025-01-15T02:51:36.349+0000] {dag.py:3239} INFO - Sync 1 DAGs
[2025-01-15T02:51:36.361+0000] {logging_mixin.py:190} INFO - [2025-01-15T02:51:36.361+0000] {dag.py:4180} INFO - Setting next_dagrun for example_dag to 2016-01-01 00:00:00+00:00, run_after=2016-01-02 00:00:00+00:00
[2025-01-15T02:51:36.368+0000] {processor.py:208} INFO - Processing /opt/airflow/dags/204 dummy_dag.py took 0.059 seconds
[2025-01-15T03:07:44.687+0000] {processor.py:186} INFO - Started process (PID=96) to work on /opt/airflow/dags/204 dummy_dag.py
[2025-01-15T03:07:44.687+0000] {processor.py:914} INFO - Processing file /opt/airflow/dags/204 dummy_dag.py for tasks to queue
[2025-01-15T03:07:44.689+0000] {logging_mixin.py:190} INFO - [2025-01-15T03:07:44.689+0000] {dagbag.py:588} INFO - Filling up the DagBag from /opt/airflow/dags/204 dummy_dag.py
[2025-01-15T03:07:44.695+0000] {processor.py:925} INFO - DAG(s) 'example_dag' retrieved from /opt/airflow/dags/204 dummy_dag.py
[2025-01-15T03:07:44.710+0000] {logging_mixin.py:190} INFO - [2025-01-15T03:07:44.710+0000] {dag.py:3239} INFO - Sync 1 DAGs
[2025-01-15T03:07:44.722+0000] {logging_mixin.py:190} INFO - [2025-01-15T03:07:44.722+0000] {dag.py:4180} INFO - Setting next_dagrun for example_dag to 2016-01-01 00:00:00+00:00, run_after=2016-01-02 00:00:00+00:00
[2025-01-15T03:07:44.729+0000] {processor.py:208} INFO - Processing /opt/airflow/dags/204 dummy_dag.py took 0.048 seconds
[2025-01-15T03:58:56.077+0000] {processor.py:186} INFO - Started process (PID=97) to work on /opt/airflow/dags/204 dummy_dag.py
[2025-01-15T03:58:56.078+0000] {processor.py:914} INFO - Processing file /opt/airflow/dags/204 dummy_dag.py for tasks to queue
[2025-01-15T03:58:56.081+0000] {logging_mixin.py:190} INFO - [2025-01-15T03:58:56.081+0000] {dagbag.py:588} INFO - Filling up the DagBag from /opt/airflow/dags/204 dummy_dag.py
[2025-01-15T03:58:56.093+0000] {processor.py:925} INFO - DAG(s) 'example_dag' retrieved from /opt/airflow/dags/204 dummy_dag.py
[2025-01-15T03:58:56.110+0000] {logging_mixin.py:190} INFO - [2025-01-15T03:58:56.109+0000] {dag.py:3239} INFO - Sync 1 DAGs
[2025-01-15T03:58:56.120+0000] {logging_mixin.py:190} INFO - [2025-01-15T03:58:56.120+0000] {dag.py:4180} INFO - Setting next_dagrun for example_dag to 2016-01-01 00:00:00+00:00, run_after=2016-01-02 00:00:00+00:00
[2025-01-15T03:58:56.127+0000] {processor.py:208} INFO - Processing /opt/airflow/dags/204 dummy_dag.py took 0.057 seconds
[2025-01-15T03:59:26.558+0000] {processor.py:186} INFO - Started process (PID=98) to work on /opt/airflow/dags/204 dummy_dag.py
[2025-01-15T03:59:26.559+0000] {processor.py:914} INFO - Processing file /opt/airflow/dags/204 dummy_dag.py for tasks to queue
[2025-01-15T03:59:26.561+0000] {logging_mixin.py:190} INFO - [2025-01-15T03:59:26.561+0000] {dagbag.py:588} INFO - Filling up the DagBag from /opt/airflow/dags/204 dummy_dag.py
[2025-01-15T03:59:26.569+0000] {processor.py:925} INFO - DAG(s) 'example_dag' retrieved from /opt/airflow/dags/204 dummy_dag.py
[2025-01-15T03:59:26.589+0000] {logging_mixin.py:190} INFO - [2025-01-15T03:59:26.589+0000] {dag.py:3239} INFO - Sync 1 DAGs
[2025-01-15T03:59:26.603+0000] {logging_mixin.py:190} INFO - [2025-01-15T03:59:26.603+0000] {dag.py:4180} INFO - Setting next_dagrun for example_dag to 2016-01-01 00:00:00+00:00, run_after=2016-01-02 00:00:00+00:00
[2025-01-15T03:59:26.612+0000] {processor.py:208} INFO - Processing /opt/airflow/dags/204 dummy_dag.py took 0.064 seconds
[2025-01-15T03:59:57.013+0000] {processor.py:186} INFO - Started process (PID=99) to work on /opt/airflow/dags/204 dummy_dag.py
[2025-01-15T03:59:57.016+0000] {processor.py:914} INFO - Processing file /opt/airflow/dags/204 dummy_dag.py for tasks to queue
[2025-01-15T03:59:57.020+0000] {logging_mixin.py:190} INFO - [2025-01-15T03:59:57.019+0000] {dagbag.py:588} INFO - Filling up the DagBag from /opt/airflow/dags/204 dummy_dag.py
[2025-01-15T03:59:57.035+0000] {processor.py:925} INFO - DAG(s) 'example_dag' retrieved from /opt/airflow/dags/204 dummy_dag.py
[2025-01-15T03:59:57.068+0000] {logging_mixin.py:190} INFO - [2025-01-15T03:59:57.067+0000] {dag.py:3239} INFO - Sync 1 DAGs
[2025-01-15T03:59:57.086+0000] {logging_mixin.py:190} INFO - [2025-01-15T03:59:57.086+0000] {dag.py:4180} INFO - Setting next_dagrun for example_dag to 2016-01-01 00:00:00+00:00, run_after=2016-01-02 00:00:00+00:00
[2025-01-15T03:59:57.096+0000] {processor.py:208} INFO - Processing /opt/airflow/dags/204 dummy_dag.py took 0.095 seconds
[2025-01-15T05:05:51.016+0000] {processor.py:186} INFO - Started process (PID=100) to work on /opt/airflow/dags/204 dummy_dag.py
[2025-01-15T05:05:51.017+0000] {processor.py:914} INFO - Processing file /opt/airflow/dags/204 dummy_dag.py for tasks to queue
[2025-01-15T05:05:51.021+0000] {logging_mixin.py:190} INFO - [2025-01-15T05:05:51.020+0000] {dagbag.py:588} INFO - Filling up the DagBag from /opt/airflow/dags/204 dummy_dag.py
[2025-01-15T05:05:51.033+0000] {processor.py:925} INFO - DAG(s) 'example_dag' retrieved from /opt/airflow/dags/204 dummy_dag.py
[2025-01-15T05:05:51.060+0000] {logging_mixin.py:190} INFO - [2025-01-15T05:05:51.060+0000] {dag.py:3239} INFO - Sync 1 DAGs
[2025-01-15T05:05:51.084+0000] {logging_mixin.py:190} INFO - [2025-01-15T05:05:51.084+0000] {dag.py:4180} INFO - Setting next_dagrun for example_dag to 2016-01-01 00:00:00+00:00, run_after=2016-01-02 00:00:00+00:00
[2025-01-15T05:05:51.093+0000] {processor.py:208} INFO - Processing /opt/airflow/dags/204 dummy_dag.py took 0.097 seconds
[2025-01-15T05:06:21.526+0000] {processor.py:186} INFO - Started process (PID=101) to work on /opt/airflow/dags/204 dummy_dag.py
[2025-01-15T05:06:21.527+0000] {processor.py:914} INFO - Processing file /opt/airflow/dags/204 dummy_dag.py for tasks to queue
[2025-01-15T05:06:21.528+0000] {logging_mixin.py:190} INFO - [2025-01-15T05:06:21.528+0000] {dagbag.py:588} INFO - Filling up the DagBag from /opt/airflow/dags/204 dummy_dag.py
[2025-01-15T05:06:21.536+0000] {processor.py:925} INFO - DAG(s) 'example_dag' retrieved from /opt/airflow/dags/204 dummy_dag.py
[2025-01-15T05:06:21.559+0000] {logging_mixin.py:190} INFO - [2025-01-15T05:06:21.559+0000] {dag.py:3239} INFO - Sync 1 DAGs
[2025-01-15T05:06:21.571+0000] {logging_mixin.py:190} INFO - [2025-01-15T05:06:21.571+0000] {dag.py:4180} INFO - Setting next_dagrun for example_dag to 2016-01-01 00:00:00+00:00, run_after=2016-01-02 00:00:00+00:00
[2025-01-15T05:06:21.579+0000] {processor.py:208} INFO - Processing /opt/airflow/dags/204 dummy_dag.py took 0.059 seconds
[2025-01-15T05:06:52.043+0000] {processor.py:186} INFO - Started process (PID=102) to work on /opt/airflow/dags/204 dummy_dag.py
[2025-01-15T05:06:52.044+0000] {processor.py:914} INFO - Processing file /opt/airflow/dags/204 dummy_dag.py for tasks to queue
[2025-01-15T05:06:52.047+0000] {logging_mixin.py:190} INFO - [2025-01-15T05:06:52.047+0000] {dagbag.py:588} INFO - Filling up the DagBag from /opt/airflow/dags/204 dummy_dag.py
[2025-01-15T05:06:52.060+0000] {processor.py:925} INFO - DAG(s) 'example_dag' retrieved from /opt/airflow/dags/204 dummy_dag.py
[2025-01-15T05:06:52.083+0000] {logging_mixin.py:190} INFO - [2025-01-15T05:06:52.083+0000] {dag.py:3239} INFO - Sync 1 DAGs
[2025-01-15T05:06:52.095+0000] {logging_mixin.py:190} INFO - [2025-01-15T05:06:52.095+0000] {dag.py:4180} INFO - Setting next_dagrun for example_dag to 2016-01-01 00:00:00+00:00, run_after=2016-01-02 00:00:00+00:00
[2025-01-15T05:06:52.102+0000] {processor.py:208} INFO - Processing /opt/airflow/dags/204 dummy_dag.py took 0.069 seconds
[2025-01-15T05:07:22.481+0000] {processor.py:186} INFO - Started process (PID=103) to work on /opt/airflow/dags/204 dummy_dag.py
[2025-01-15T05:07:22.482+0000] {processor.py:914} INFO - Processing file /opt/airflow/dags/204 dummy_dag.py for tasks to queue
[2025-01-15T05:07:22.486+0000] {logging_mixin.py:190} INFO - [2025-01-15T05:07:22.486+0000] {dagbag.py:588} INFO - Filling up the DagBag from /opt/airflow/dags/204 dummy_dag.py
[2025-01-15T05:07:22.495+0000] {processor.py:925} INFO - DAG(s) 'example_dag' retrieved from /opt/airflow/dags/204 dummy_dag.py
[2025-01-15T05:07:22.514+0000] {logging_mixin.py:190} INFO - [2025-01-15T05:07:22.514+0000] {dag.py:3239} INFO - Sync 1 DAGs
[2025-01-15T05:07:22.527+0000] {logging_mixin.py:190} INFO - [2025-01-15T05:07:22.527+0000] {dag.py:4180} INFO - Setting next_dagrun for example_dag to 2016-01-01 00:00:00+00:00, run_after=2016-01-02 00:00:00+00:00
[2025-01-15T05:07:22.536+0000] {processor.py:208} INFO - Processing /opt/airflow/dags/204 dummy_dag.py took 0.065 seconds
[2025-01-15T06:00:21.554+0000] {processor.py:186} INFO - Started process (PID=104) to work on /opt/airflow/dags/204 dummy_dag.py
[2025-01-15T06:00:21.555+0000] {processor.py:914} INFO - Processing file /opt/airflow/dags/204 dummy_dag.py for tasks to queue
[2025-01-15T06:00:21.557+0000] {logging_mixin.py:190} INFO - [2025-01-15T06:00:21.557+0000] {dagbag.py:588} INFO - Filling up the DagBag from /opt/airflow/dags/204 dummy_dag.py
[2025-01-15T06:00:21.565+0000] {processor.py:925} INFO - DAG(s) 'example_dag' retrieved from /opt/airflow/dags/204 dummy_dag.py
[2025-01-15T06:00:21.580+0000] {logging_mixin.py:190} INFO - [2025-01-15T06:00:21.580+0000] {dag.py:3239} INFO - Sync 1 DAGs
[2025-01-15T06:00:21.591+0000] {logging_mixin.py:190} INFO - [2025-01-15T06:00:21.591+0000] {dag.py:4180} INFO - Setting next_dagrun for example_dag to 2016-01-01 00:00:00+00:00, run_after=2016-01-02 00:00:00+00:00
[2025-01-15T06:00:21.599+0000] {processor.py:208} INFO - Processing /opt/airflow/dags/204 dummy_dag.py took 0.051 seconds
[2025-01-15T06:10:14.232+0000] {processor.py:186} INFO - Started process (PID=105) to work on /opt/airflow/dags/204 dummy_dag.py
[2025-01-15T06:10:14.235+0000] {processor.py:914} INFO - Processing file /opt/airflow/dags/204 dummy_dag.py for tasks to queue
[2025-01-15T06:10:14.243+0000] {logging_mixin.py:190} INFO - [2025-01-15T06:10:14.242+0000] {dagbag.py:588} INFO - Filling up the DagBag from /opt/airflow/dags/204 dummy_dag.py
[2025-01-15T06:10:14.256+0000] {processor.py:925} INFO - DAG(s) 'example_dag' retrieved from /opt/airflow/dags/204 dummy_dag.py
[2025-01-15T06:10:14.280+0000] {logging_mixin.py:190} INFO - [2025-01-15T06:10:14.280+0000] {dag.py:3239} INFO - Sync 1 DAGs
[2025-01-15T06:10:14.295+0000] {logging_mixin.py:190} INFO - [2025-01-15T06:10:14.295+0000] {dag.py:4180} INFO - Setting next_dagrun for example_dag to 2016-01-01 00:00:00+00:00, run_after=2016-01-02 00:00:00+00:00
[2025-01-15T06:10:14.304+0000] {processor.py:208} INFO - Processing /opt/airflow/dags/204 dummy_dag.py took 0.084 seconds
[2025-01-15T06:29:06.436+0000] {processor.py:186} INFO - Started process (PID=106) to work on /opt/airflow/dags/204 dummy_dag.py
[2025-01-15T06:29:06.437+0000] {processor.py:914} INFO - Processing file /opt/airflow/dags/204 dummy_dag.py for tasks to queue
[2025-01-15T06:29:06.439+0000] {logging_mixin.py:190} INFO - [2025-01-15T06:29:06.439+0000] {dagbag.py:588} INFO - Filling up the DagBag from /opt/airflow/dags/204 dummy_dag.py
[2025-01-15T06:29:06.447+0000] {processor.py:925} INFO - DAG(s) 'example_dag' retrieved from /opt/airflow/dags/204 dummy_dag.py
[2025-01-15T06:29:06.465+0000] {logging_mixin.py:190} INFO - [2025-01-15T06:29:06.464+0000] {dag.py:3239} INFO - Sync 1 DAGs
[2025-01-15T06:29:06.475+0000] {logging_mixin.py:190} INFO - [2025-01-15T06:29:06.475+0000] {dag.py:4180} INFO - Setting next_dagrun for example_dag to 2016-01-01 00:00:00+00:00, run_after=2016-01-02 00:00:00+00:00
[2025-01-15T06:29:06.483+0000] {processor.py:208} INFO - Processing /opt/airflow/dags/204 dummy_dag.py took 0.054 seconds
[2025-01-15T06:45:13.285+0000] {processor.py:186} INFO - Started process (PID=107) to work on /opt/airflow/dags/204 dummy_dag.py
[2025-01-15T06:45:13.287+0000] {processor.py:914} INFO - Processing file /opt/airflow/dags/204 dummy_dag.py for tasks to queue
[2025-01-15T06:45:13.297+0000] {logging_mixin.py:190} INFO - [2025-01-15T06:45:13.296+0000] {dagbag.py:588} INFO - Filling up the DagBag from /opt/airflow/dags/204 dummy_dag.py
[2025-01-15T06:45:13.330+0000] {processor.py:925} INFO - DAG(s) 'example_dag' retrieved from /opt/airflow/dags/204 dummy_dag.py
[2025-01-15T06:45:13.398+0000] {logging_mixin.py:190} INFO - [2025-01-15T06:45:13.398+0000] {dag.py:3239} INFO - Sync 1 DAGs
[2025-01-15T06:45:13.426+0000] {logging_mixin.py:190} INFO - [2025-01-15T06:45:13.426+0000] {dag.py:4180} INFO - Setting next_dagrun for example_dag to 2016-01-01 00:00:00+00:00, run_after=2016-01-02 00:00:00+00:00
[2025-01-15T06:45:13.491+0000] {processor.py:208} INFO - Processing /opt/airflow/dags/204 dummy_dag.py took 0.235 seconds
