[2025-01-14T21:37:09.342+0000] {processor.py:186} INFO - Started process (PID=31) to work on /opt/airflow/dags/204 dummy_dag.py
[2025-01-14T21:37:09.343+0000] {processor.py:914} INFO - Processing file /opt/airflow/dags/204 dummy_dag.py for tasks to queue
[2025-01-14T21:37:09.344+0000] {logging_mixin.py:190} INFO - [2025-01-14T21:37:09.344+0000] {dagbag.py:588} INFO - Filling up the DagBag from /opt/airflow/dags/204 dummy_dag.py
[2025-01-14T21:37:09.357+0000] {processor.py:925} INFO - DAG(s) 'example_dag' retrieved from /opt/airflow/dags/204 dummy_dag.py
[2025-01-14T21:37:09.464+0000] {logging_mixin.py:190} INFO - [2025-01-14T21:37:09.464+0000] {override.py:1901} INFO - Created Permission View: can delete on DAG:example_dag
[2025-01-14T21:37:09.468+0000] {logging_mixin.py:190} INFO - [2025-01-14T21:37:09.468+0000] {override.py:1901} INFO - Created Permission View: can read on DAG:example_dag
[2025-01-14T21:37:09.470+0000] {logging_mixin.py:190} INFO - [2025-01-14T21:37:09.470+0000] {override.py:1901} INFO - Created Permission View: can edit on DAG:example_dag
[2025-01-14T21:37:09.472+0000] {logging_mixin.py:190} INFO - [2025-01-14T21:37:09.472+0000] {override.py:1901} INFO - Created Permission View: can delete on DAG Run:example_dag
[2025-01-14T21:37:09.475+0000] {logging_mixin.py:190} INFO - [2025-01-14T21:37:09.475+0000] {override.py:1901} INFO - Created Permission View: can create on DAG Run:example_dag
[2025-01-14T21:37:09.477+0000] {logging_mixin.py:190} INFO - [2025-01-14T21:37:09.477+0000] {override.py:1901} INFO - Created Permission View: menu access on DAG Run:example_dag
[2025-01-14T21:37:09.479+0000] {logging_mixin.py:190} INFO - [2025-01-14T21:37:09.479+0000] {override.py:1901} INFO - Created Permission View: can read on DAG Run:example_dag
[2025-01-14T21:37:09.479+0000] {logging_mixin.py:190} INFO - [2025-01-14T21:37:09.479+0000] {dag.py:3239} INFO - Sync 1 DAGs
[2025-01-14T21:37:09.484+0000] {logging_mixin.py:190} INFO - [2025-01-14T21:37:09.484+0000] {dag.py:3262} INFO - Creating ORM DAG for example_dag
[2025-01-14T21:37:09.490+0000] {logging_mixin.py:190} INFO - [2025-01-14T21:37:09.490+0000] {dag.py:4180} INFO - Setting next_dagrun for example_dag to 2016-01-01 00:00:00+00:00, run_after=2016-01-02 00:00:00+00:00
[2025-01-14T21:37:09.496+0000] {processor.py:208} INFO - Processing /opt/airflow/dags/204 dummy_dag.py took 0.157 seconds
[2025-01-14T21:37:39.671+0000] {processor.py:186} INFO - Started process (PID=32) to work on /opt/airflow/dags/204 dummy_dag.py
[2025-01-14T21:37:39.672+0000] {processor.py:914} INFO - Processing file /opt/airflow/dags/204 dummy_dag.py for tasks to queue
[2025-01-14T21:37:39.675+0000] {logging_mixin.py:190} INFO - [2025-01-14T21:37:39.674+0000] {dagbag.py:588} INFO - Filling up the DagBag from /opt/airflow/dags/204 dummy_dag.py
[2025-01-14T21:37:39.688+0000] {processor.py:925} INFO - DAG(s) 'example_dag' retrieved from /opt/airflow/dags/204 dummy_dag.py
[2025-01-14T21:37:39.713+0000] {logging_mixin.py:190} INFO - [2025-01-14T21:37:39.712+0000] {dag.py:3239} INFO - Sync 1 DAGs
[2025-01-14T21:37:39.726+0000] {logging_mixin.py:190} INFO - [2025-01-14T21:37:39.726+0000] {dag.py:4180} INFO - Setting next_dagrun for example_dag to 2016-01-01 00:00:00+00:00, run_after=2016-01-02 00:00:00+00:00
[2025-01-14T21:37:39.734+0000] {processor.py:208} INFO - Processing /opt/airflow/dags/204 dummy_dag.py took 0.072 seconds
[2025-01-14T21:38:10.077+0000] {processor.py:186} INFO - Started process (PID=33) to work on /opt/airflow/dags/204 dummy_dag.py
[2025-01-14T21:38:10.078+0000] {processor.py:914} INFO - Processing file /opt/airflow/dags/204 dummy_dag.py for tasks to queue
[2025-01-14T21:38:10.080+0000] {logging_mixin.py:190} INFO - [2025-01-14T21:38:10.080+0000] {dagbag.py:588} INFO - Filling up the DagBag from /opt/airflow/dags/204 dummy_dag.py
[2025-01-14T21:38:10.092+0000] {processor.py:925} INFO - DAG(s) 'example_dag' retrieved from /opt/airflow/dags/204 dummy_dag.py
[2025-01-14T21:38:10.108+0000] {logging_mixin.py:190} INFO - [2025-01-14T21:38:10.108+0000] {dag.py:3239} INFO - Sync 1 DAGs
[2025-01-14T21:38:10.119+0000] {logging_mixin.py:190} INFO - [2025-01-14T21:38:10.119+0000] {dag.py:4180} INFO - Setting next_dagrun for example_dag to 2016-01-01 00:00:00+00:00, run_after=2016-01-02 00:00:00+00:00
[2025-01-14T21:38:10.126+0000] {processor.py:208} INFO - Processing /opt/airflow/dags/204 dummy_dag.py took 0.058 seconds
[2025-01-14T21:38:40.459+0000] {processor.py:186} INFO - Started process (PID=34) to work on /opt/airflow/dags/204 dummy_dag.py
[2025-01-14T21:38:40.460+0000] {processor.py:914} INFO - Processing file /opt/airflow/dags/204 dummy_dag.py for tasks to queue
[2025-01-14T21:38:40.463+0000] {logging_mixin.py:190} INFO - [2025-01-14T21:38:40.463+0000] {dagbag.py:588} INFO - Filling up the DagBag from /opt/airflow/dags/204 dummy_dag.py
[2025-01-14T21:38:40.477+0000] {processor.py:925} INFO - DAG(s) 'example_dag' retrieved from /opt/airflow/dags/204 dummy_dag.py
[2025-01-14T21:38:40.498+0000] {logging_mixin.py:190} INFO - [2025-01-14T21:38:40.498+0000] {dag.py:3239} INFO - Sync 1 DAGs
[2025-01-14T21:38:40.511+0000] {logging_mixin.py:190} INFO - [2025-01-14T21:38:40.510+0000] {dag.py:4180} INFO - Setting next_dagrun for example_dag to 2016-01-01 00:00:00+00:00, run_after=2016-01-02 00:00:00+00:00
[2025-01-14T21:38:40.518+0000] {processor.py:208} INFO - Processing /opt/airflow/dags/204 dummy_dag.py took 0.069 seconds
[2025-01-14T21:39:10.888+0000] {processor.py:186} INFO - Started process (PID=35) to work on /opt/airflow/dags/204 dummy_dag.py
[2025-01-14T21:39:10.889+0000] {processor.py:914} INFO - Processing file /opt/airflow/dags/204 dummy_dag.py for tasks to queue
[2025-01-14T21:39:10.891+0000] {logging_mixin.py:190} INFO - [2025-01-14T21:39:10.891+0000] {dagbag.py:588} INFO - Filling up the DagBag from /opt/airflow/dags/204 dummy_dag.py
[2025-01-14T21:39:10.903+0000] {processor.py:925} INFO - DAG(s) 'example_dag' retrieved from /opt/airflow/dags/204 dummy_dag.py
[2025-01-14T21:39:10.921+0000] {logging_mixin.py:190} INFO - [2025-01-14T21:39:10.921+0000] {dag.py:3239} INFO - Sync 1 DAGs
[2025-01-14T21:39:10.933+0000] {logging_mixin.py:190} INFO - [2025-01-14T21:39:10.933+0000] {dag.py:4180} INFO - Setting next_dagrun for example_dag to 2016-01-01 00:00:00+00:00, run_after=2016-01-02 00:00:00+00:00
[2025-01-14T21:39:10.940+0000] {processor.py:208} INFO - Processing /opt/airflow/dags/204 dummy_dag.py took 0.062 seconds
[2025-01-14T21:39:41.324+0000] {processor.py:186} INFO - Started process (PID=36) to work on /opt/airflow/dags/204 dummy_dag.py
[2025-01-14T21:39:41.325+0000] {processor.py:914} INFO - Processing file /opt/airflow/dags/204 dummy_dag.py for tasks to queue
[2025-01-14T21:39:41.329+0000] {logging_mixin.py:190} INFO - [2025-01-14T21:39:41.328+0000] {dagbag.py:588} INFO - Filling up the DagBag from /opt/airflow/dags/204 dummy_dag.py
[2025-01-14T21:39:41.344+0000] {processor.py:925} INFO - DAG(s) 'example_dag' retrieved from /opt/airflow/dags/204 dummy_dag.py
[2025-01-14T21:39:41.383+0000] {logging_mixin.py:190} INFO - [2025-01-14T21:39:41.382+0000] {dag.py:3239} INFO - Sync 1 DAGs
[2025-01-14T21:39:41.395+0000] {logging_mixin.py:190} INFO - [2025-01-14T21:39:41.395+0000] {dag.py:4180} INFO - Setting next_dagrun for example_dag to 2016-01-01 00:00:00+00:00, run_after=2016-01-02 00:00:00+00:00
[2025-01-14T21:39:41.404+0000] {processor.py:208} INFO - Processing /opt/airflow/dags/204 dummy_dag.py took 0.089 seconds
[2025-01-14T21:40:11.751+0000] {processor.py:186} INFO - Started process (PID=37) to work on /opt/airflow/dags/204 dummy_dag.py
[2025-01-14T21:40:11.752+0000] {processor.py:914} INFO - Processing file /opt/airflow/dags/204 dummy_dag.py for tasks to queue
[2025-01-14T21:40:11.755+0000] {logging_mixin.py:190} INFO - [2025-01-14T21:40:11.755+0000] {dagbag.py:588} INFO - Filling up the DagBag from /opt/airflow/dags/204 dummy_dag.py
[2025-01-14T21:40:11.768+0000] {processor.py:925} INFO - DAG(s) 'example_dag' retrieved from /opt/airflow/dags/204 dummy_dag.py
[2025-01-14T21:40:11.787+0000] {logging_mixin.py:190} INFO - [2025-01-14T21:40:11.786+0000] {dag.py:3239} INFO - Sync 1 DAGs
[2025-01-14T21:40:11.798+0000] {logging_mixin.py:190} INFO - [2025-01-14T21:40:11.798+0000] {dag.py:4180} INFO - Setting next_dagrun for example_dag to 2016-01-01 00:00:00+00:00, run_after=2016-01-02 00:00:00+00:00
[2025-01-14T21:40:11.806+0000] {processor.py:208} INFO - Processing /opt/airflow/dags/204 dummy_dag.py took 0.063 seconds
[2025-01-14T21:40:42.210+0000] {processor.py:186} INFO - Started process (PID=38) to work on /opt/airflow/dags/204 dummy_dag.py
[2025-01-14T21:40:42.211+0000] {processor.py:914} INFO - Processing file /opt/airflow/dags/204 dummy_dag.py for tasks to queue
[2025-01-14T21:40:42.214+0000] {logging_mixin.py:190} INFO - [2025-01-14T21:40:42.213+0000] {dagbag.py:588} INFO - Filling up the DagBag from /opt/airflow/dags/204 dummy_dag.py
[2025-01-14T21:40:42.226+0000] {processor.py:925} INFO - DAG(s) 'example_dag' retrieved from /opt/airflow/dags/204 dummy_dag.py
[2025-01-14T21:40:42.246+0000] {logging_mixin.py:190} INFO - [2025-01-14T21:40:42.246+0000] {dag.py:3239} INFO - Sync 1 DAGs
[2025-01-14T21:40:42.258+0000] {logging_mixin.py:190} INFO - [2025-01-14T21:40:42.258+0000] {dag.py:4180} INFO - Setting next_dagrun for example_dag to 2016-01-01 00:00:00+00:00, run_after=2016-01-02 00:00:00+00:00
[2025-01-14T21:40:42.267+0000] {processor.py:208} INFO - Processing /opt/airflow/dags/204 dummy_dag.py took 0.066 seconds
[2025-01-14T21:41:12.570+0000] {processor.py:186} INFO - Started process (PID=39) to work on /opt/airflow/dags/204 dummy_dag.py
[2025-01-14T21:41:12.570+0000] {processor.py:914} INFO - Processing file /opt/airflow/dags/204 dummy_dag.py for tasks to queue
[2025-01-14T21:41:12.572+0000] {logging_mixin.py:190} INFO - [2025-01-14T21:41:12.572+0000] {dagbag.py:588} INFO - Filling up the DagBag from /opt/airflow/dags/204 dummy_dag.py
[2025-01-14T21:41:12.582+0000] {processor.py:925} INFO - DAG(s) 'example_dag' retrieved from /opt/airflow/dags/204 dummy_dag.py
[2025-01-14T21:41:12.608+0000] {logging_mixin.py:190} INFO - [2025-01-14T21:41:12.608+0000] {dag.py:3239} INFO - Sync 1 DAGs
[2025-01-14T21:41:12.622+0000] {logging_mixin.py:190} INFO - [2025-01-14T21:41:12.622+0000] {dag.py:4180} INFO - Setting next_dagrun for example_dag to 2016-01-01 00:00:00+00:00, run_after=2016-01-02 00:00:00+00:00
[2025-01-14T21:41:12.630+0000] {processor.py:208} INFO - Processing /opt/airflow/dags/204 dummy_dag.py took 0.067 seconds
[2025-01-14T21:41:42.934+0000] {processor.py:186} INFO - Started process (PID=40) to work on /opt/airflow/dags/204 dummy_dag.py
[2025-01-14T21:41:42.934+0000] {processor.py:914} INFO - Processing file /opt/airflow/dags/204 dummy_dag.py for tasks to queue
[2025-01-14T21:41:42.938+0000] {logging_mixin.py:190} INFO - [2025-01-14T21:41:42.937+0000] {dagbag.py:588} INFO - Filling up the DagBag from /opt/airflow/dags/204 dummy_dag.py
[2025-01-14T21:41:42.950+0000] {processor.py:925} INFO - DAG(s) 'example_dag' retrieved from /opt/airflow/dags/204 dummy_dag.py
[2025-01-14T21:41:42.970+0000] {logging_mixin.py:190} INFO - [2025-01-14T21:41:42.970+0000] {dag.py:3239} INFO - Sync 1 DAGs
[2025-01-14T21:41:42.983+0000] {logging_mixin.py:190} INFO - [2025-01-14T21:41:42.983+0000] {dag.py:4180} INFO - Setting next_dagrun for example_dag to 2016-01-01 00:00:00+00:00, run_after=2016-01-02 00:00:00+00:00
[2025-01-14T21:41:42.990+0000] {processor.py:208} INFO - Processing /opt/airflow/dags/204 dummy_dag.py took 0.088 seconds
[2025-01-14T21:42:13.310+0000] {processor.py:186} INFO - Started process (PID=41) to work on /opt/airflow/dags/204 dummy_dag.py
[2025-01-14T21:42:13.313+0000] {processor.py:914} INFO - Processing file /opt/airflow/dags/204 dummy_dag.py for tasks to queue
[2025-01-14T21:42:13.315+0000] {logging_mixin.py:190} INFO - [2025-01-14T21:42:13.315+0000] {dagbag.py:588} INFO - Filling up the DagBag from /opt/airflow/dags/204 dummy_dag.py
[2025-01-14T21:42:13.327+0000] {processor.py:925} INFO - DAG(s) 'example_dag' retrieved from /opt/airflow/dags/204 dummy_dag.py
[2025-01-14T21:42:13.346+0000] {logging_mixin.py:190} INFO - [2025-01-14T21:42:13.346+0000] {dag.py:3239} INFO - Sync 1 DAGs
[2025-01-14T21:42:13.358+0000] {logging_mixin.py:190} INFO - [2025-01-14T21:42:13.358+0000] {dag.py:4180} INFO - Setting next_dagrun for example_dag to 2016-01-01 00:00:00+00:00, run_after=2016-01-02 00:00:00+00:00
[2025-01-14T21:42:13.366+0000] {processor.py:208} INFO - Processing /opt/airflow/dags/204 dummy_dag.py took 0.064 seconds
[2025-01-14T21:42:43.729+0000] {processor.py:186} INFO - Started process (PID=42) to work on /opt/airflow/dags/204 dummy_dag.py
[2025-01-14T21:42:43.731+0000] {processor.py:914} INFO - Processing file /opt/airflow/dags/204 dummy_dag.py for tasks to queue
[2025-01-14T21:42:43.735+0000] {logging_mixin.py:190} INFO - [2025-01-14T21:42:43.735+0000] {dagbag.py:588} INFO - Filling up the DagBag from /opt/airflow/dags/204 dummy_dag.py
[2025-01-14T21:42:43.754+0000] {processor.py:925} INFO - DAG(s) 'example_dag' retrieved from /opt/airflow/dags/204 dummy_dag.py
[2025-01-14T21:42:43.781+0000] {logging_mixin.py:190} INFO - [2025-01-14T21:42:43.781+0000] {dag.py:3239} INFO - Sync 1 DAGs
[2025-01-14T21:42:43.798+0000] {logging_mixin.py:190} INFO - [2025-01-14T21:42:43.798+0000] {dag.py:4180} INFO - Setting next_dagrun for example_dag to 2016-01-01 00:00:00+00:00, run_after=2016-01-02 00:00:00+00:00
[2025-01-14T21:42:43.814+0000] {processor.py:208} INFO - Processing /opt/airflow/dags/204 dummy_dag.py took 0.108 seconds
[2025-01-14T21:43:14.088+0000] {processor.py:186} INFO - Started process (PID=43) to work on /opt/airflow/dags/204 dummy_dag.py
[2025-01-14T21:43:14.090+0000] {processor.py:914} INFO - Processing file /opt/airflow/dags/204 dummy_dag.py for tasks to queue
[2025-01-14T21:43:14.094+0000] {logging_mixin.py:190} INFO - [2025-01-14T21:43:14.093+0000] {dagbag.py:588} INFO - Filling up the DagBag from /opt/airflow/dags/204 dummy_dag.py
[2025-01-14T21:43:14.109+0000] {processor.py:925} INFO - DAG(s) 'example_dag' retrieved from /opt/airflow/dags/204 dummy_dag.py
[2025-01-14T21:43:14.158+0000] {logging_mixin.py:190} INFO - [2025-01-14T21:43:14.158+0000] {dag.py:3239} INFO - Sync 1 DAGs
[2025-01-14T21:43:14.176+0000] {logging_mixin.py:190} INFO - [2025-01-14T21:43:14.175+0000] {dag.py:4180} INFO - Setting next_dagrun for example_dag to 2016-01-01 00:00:00+00:00, run_after=2016-01-02 00:00:00+00:00
[2025-01-14T21:43:14.184+0000] {processor.py:208} INFO - Processing /opt/airflow/dags/204 dummy_dag.py took 0.107 seconds
[2025-01-14T21:43:44.595+0000] {processor.py:186} INFO - Started process (PID=44) to work on /opt/airflow/dags/204 dummy_dag.py
[2025-01-14T21:43:44.596+0000] {processor.py:914} INFO - Processing file /opt/airflow/dags/204 dummy_dag.py for tasks to queue
[2025-01-14T21:43:44.599+0000] {logging_mixin.py:190} INFO - [2025-01-14T21:43:44.598+0000] {dagbag.py:588} INFO - Filling up the DagBag from /opt/airflow/dags/204 dummy_dag.py
[2025-01-14T21:43:44.625+0000] {processor.py:925} INFO - DAG(s) 'example_dag' retrieved from /opt/airflow/dags/204 dummy_dag.py
[2025-01-14T21:43:44.650+0000] {logging_mixin.py:190} INFO - [2025-01-14T21:43:44.650+0000] {dag.py:3239} INFO - Sync 1 DAGs
[2025-01-14T21:43:44.665+0000] {logging_mixin.py:190} INFO - [2025-01-14T21:43:44.665+0000] {dag.py:4180} INFO - Setting next_dagrun for example_dag to 2016-01-01 00:00:00+00:00, run_after=2016-01-02 00:00:00+00:00
[2025-01-14T21:43:44.673+0000] {processor.py:208} INFO - Processing /opt/airflow/dags/204 dummy_dag.py took 0.089 seconds
[2025-01-14T21:44:14.992+0000] {processor.py:186} INFO - Started process (PID=45) to work on /opt/airflow/dags/204 dummy_dag.py
[2025-01-14T21:44:14.992+0000] {processor.py:914} INFO - Processing file /opt/airflow/dags/204 dummy_dag.py for tasks to queue
[2025-01-14T21:44:14.994+0000] {logging_mixin.py:190} INFO - [2025-01-14T21:44:14.994+0000] {dagbag.py:588} INFO - Filling up the DagBag from /opt/airflow/dags/204 dummy_dag.py
[2025-01-14T21:44:15.003+0000] {processor.py:925} INFO - DAG(s) 'example_dag' retrieved from /opt/airflow/dags/204 dummy_dag.py
[2025-01-14T21:44:15.021+0000] {logging_mixin.py:190} INFO - [2025-01-14T21:44:15.021+0000] {dag.py:3239} INFO - Sync 1 DAGs
[2025-01-14T21:44:15.032+0000] {logging_mixin.py:190} INFO - [2025-01-14T21:44:15.032+0000] {dag.py:4180} INFO - Setting next_dagrun for example_dag to 2016-01-01 00:00:00+00:00, run_after=2016-01-02 00:00:00+00:00
[2025-01-14T21:44:15.040+0000] {processor.py:208} INFO - Processing /opt/airflow/dags/204 dummy_dag.py took 0.055 seconds
[2025-01-14T21:44:45.414+0000] {processor.py:186} INFO - Started process (PID=46) to work on /opt/airflow/dags/204 dummy_dag.py
[2025-01-14T21:44:45.415+0000] {processor.py:914} INFO - Processing file /opt/airflow/dags/204 dummy_dag.py for tasks to queue
[2025-01-14T21:44:45.418+0000] {logging_mixin.py:190} INFO - [2025-01-14T21:44:45.417+0000] {dagbag.py:588} INFO - Filling up the DagBag from /opt/airflow/dags/204 dummy_dag.py
[2025-01-14T21:44:45.446+0000] {processor.py:925} INFO - DAG(s) 'example_dag' retrieved from /opt/airflow/dags/204 dummy_dag.py
[2025-01-14T21:44:45.473+0000] {logging_mixin.py:190} INFO - [2025-01-14T21:44:45.473+0000] {dag.py:3239} INFO - Sync 1 DAGs
[2025-01-14T21:44:45.488+0000] {logging_mixin.py:190} INFO - [2025-01-14T21:44:45.488+0000] {dag.py:4180} INFO - Setting next_dagrun for example_dag to 2016-01-01 00:00:00+00:00, run_after=2016-01-02 00:00:00+00:00
[2025-01-14T21:44:45.497+0000] {processor.py:208} INFO - Processing /opt/airflow/dags/204 dummy_dag.py took 0.093 seconds
[2025-01-14T21:45:15.811+0000] {processor.py:186} INFO - Started process (PID=47) to work on /opt/airflow/dags/204 dummy_dag.py
[2025-01-14T21:45:15.812+0000] {processor.py:914} INFO - Processing file /opt/airflow/dags/204 dummy_dag.py for tasks to queue
[2025-01-14T21:45:15.816+0000] {logging_mixin.py:190} INFO - [2025-01-14T21:45:15.815+0000] {dagbag.py:588} INFO - Filling up the DagBag from /opt/airflow/dags/204 dummy_dag.py
[2025-01-14T21:45:15.829+0000] {processor.py:925} INFO - DAG(s) 'example_dag' retrieved from /opt/airflow/dags/204 dummy_dag.py
[2025-01-14T21:45:15.851+0000] {logging_mixin.py:190} INFO - [2025-01-14T21:45:15.851+0000] {dag.py:3239} INFO - Sync 1 DAGs
[2025-01-14T21:45:15.863+0000] {logging_mixin.py:190} INFO - [2025-01-14T21:45:15.862+0000] {dag.py:4180} INFO - Setting next_dagrun for example_dag to 2016-01-01 00:00:00+00:00, run_after=2016-01-02 00:00:00+00:00
[2025-01-14T21:45:15.871+0000] {processor.py:208} INFO - Processing /opt/airflow/dags/204 dummy_dag.py took 0.069 seconds
[2025-01-14T21:45:46.248+0000] {processor.py:186} INFO - Started process (PID=48) to work on /opt/airflow/dags/204 dummy_dag.py
[2025-01-14T21:45:46.249+0000] {processor.py:914} INFO - Processing file /opt/airflow/dags/204 dummy_dag.py for tasks to queue
[2025-01-14T21:45:46.252+0000] {logging_mixin.py:190} INFO - [2025-01-14T21:45:46.252+0000] {dagbag.py:588} INFO - Filling up the DagBag from /opt/airflow/dags/204 dummy_dag.py
[2025-01-14T21:45:46.266+0000] {processor.py:925} INFO - DAG(s) 'example_dag' retrieved from /opt/airflow/dags/204 dummy_dag.py
[2025-01-14T21:45:46.288+0000] {logging_mixin.py:190} INFO - [2025-01-14T21:45:46.288+0000] {dag.py:3239} INFO - Sync 1 DAGs
[2025-01-14T21:45:46.302+0000] {logging_mixin.py:190} INFO - [2025-01-14T21:45:46.302+0000] {dag.py:4180} INFO - Setting next_dagrun for example_dag to 2016-01-01 00:00:00+00:00, run_after=2016-01-02 00:00:00+00:00
[2025-01-14T21:45:46.311+0000] {processor.py:208} INFO - Processing /opt/airflow/dags/204 dummy_dag.py took 0.076 seconds
[2025-01-14T21:46:16.608+0000] {processor.py:186} INFO - Started process (PID=49) to work on /opt/airflow/dags/204 dummy_dag.py
[2025-01-14T21:46:16.609+0000] {processor.py:914} INFO - Processing file /opt/airflow/dags/204 dummy_dag.py for tasks to queue
[2025-01-14T21:46:16.613+0000] {logging_mixin.py:190} INFO - [2025-01-14T21:46:16.613+0000] {dagbag.py:588} INFO - Filling up the DagBag from /opt/airflow/dags/204 dummy_dag.py
[2025-01-14T21:46:16.627+0000] {processor.py:925} INFO - DAG(s) 'example_dag' retrieved from /opt/airflow/dags/204 dummy_dag.py
[2025-01-14T21:46:16.665+0000] {logging_mixin.py:190} INFO - [2025-01-14T21:46:16.665+0000] {dag.py:3239} INFO - Sync 1 DAGs
[2025-01-14T21:46:16.680+0000] {logging_mixin.py:190} INFO - [2025-01-14T21:46:16.680+0000] {dag.py:4180} INFO - Setting next_dagrun for example_dag to 2016-01-01 00:00:00+00:00, run_after=2016-01-02 00:00:00+00:00
[2025-01-14T21:46:16.689+0000] {processor.py:208} INFO - Processing /opt/airflow/dags/204 dummy_dag.py took 0.091 seconds
[2025-01-14T21:46:46.971+0000] {processor.py:186} INFO - Started process (PID=50) to work on /opt/airflow/dags/204 dummy_dag.py
[2025-01-14T21:46:46.972+0000] {processor.py:914} INFO - Processing file /opt/airflow/dags/204 dummy_dag.py for tasks to queue
[2025-01-14T21:46:46.975+0000] {logging_mixin.py:190} INFO - [2025-01-14T21:46:46.974+0000] {dagbag.py:588} INFO - Filling up the DagBag from /opt/airflow/dags/204 dummy_dag.py
[2025-01-14T21:46:46.984+0000] {processor.py:925} INFO - DAG(s) 'example_dag' retrieved from /opt/airflow/dags/204 dummy_dag.py
[2025-01-14T21:46:47.003+0000] {logging_mixin.py:190} INFO - [2025-01-14T21:46:47.002+0000] {dag.py:3239} INFO - Sync 1 DAGs
[2025-01-14T21:46:47.014+0000] {logging_mixin.py:190} INFO - [2025-01-14T21:46:47.014+0000] {dag.py:4180} INFO - Setting next_dagrun for example_dag to 2016-01-01 00:00:00+00:00, run_after=2016-01-02 00:00:00+00:00
[2025-01-14T21:46:47.023+0000] {processor.py:208} INFO - Processing /opt/airflow/dags/204 dummy_dag.py took 0.060 seconds
[2025-01-14T21:47:17.418+0000] {processor.py:186} INFO - Started process (PID=51) to work on /opt/airflow/dags/204 dummy_dag.py
[2025-01-14T21:47:17.419+0000] {processor.py:914} INFO - Processing file /opt/airflow/dags/204 dummy_dag.py for tasks to queue
[2025-01-14T21:47:17.422+0000] {logging_mixin.py:190} INFO - [2025-01-14T21:47:17.422+0000] {dagbag.py:588} INFO - Filling up the DagBag from /opt/airflow/dags/204 dummy_dag.py
[2025-01-14T21:47:17.451+0000] {processor.py:925} INFO - DAG(s) 'example_dag' retrieved from /opt/airflow/dags/204 dummy_dag.py
[2025-01-14T21:47:17.477+0000] {logging_mixin.py:190} INFO - [2025-01-14T21:47:17.477+0000] {dag.py:3239} INFO - Sync 1 DAGs
[2025-01-14T21:47:17.493+0000] {logging_mixin.py:190} INFO - [2025-01-14T21:47:17.493+0000] {dag.py:4180} INFO - Setting next_dagrun for example_dag to 2016-01-01 00:00:00+00:00, run_after=2016-01-02 00:00:00+00:00
[2025-01-14T21:47:17.502+0000] {processor.py:208} INFO - Processing /opt/airflow/dags/204 dummy_dag.py took 0.093 seconds
[2025-01-14T21:47:47.808+0000] {processor.py:186} INFO - Started process (PID=52) to work on /opt/airflow/dags/204 dummy_dag.py
[2025-01-14T21:47:47.809+0000] {processor.py:914} INFO - Processing file /opt/airflow/dags/204 dummy_dag.py for tasks to queue
[2025-01-14T21:47:47.811+0000] {logging_mixin.py:190} INFO - [2025-01-14T21:47:47.810+0000] {dagbag.py:588} INFO - Filling up the DagBag from /opt/airflow/dags/204 dummy_dag.py
[2025-01-14T21:47:47.820+0000] {processor.py:925} INFO - DAG(s) 'example_dag' retrieved from /opt/airflow/dags/204 dummy_dag.py
[2025-01-14T21:47:47.843+0000] {logging_mixin.py:190} INFO - [2025-01-14T21:47:47.843+0000] {dag.py:3239} INFO - Sync 1 DAGs
[2025-01-14T21:47:47.856+0000] {logging_mixin.py:190} INFO - [2025-01-14T21:47:47.856+0000] {dag.py:4180} INFO - Setting next_dagrun for example_dag to 2016-01-01 00:00:00+00:00, run_after=2016-01-02 00:00:00+00:00
[2025-01-14T21:47:47.864+0000] {processor.py:208} INFO - Processing /opt/airflow/dags/204 dummy_dag.py took 0.064 seconds
[2025-01-14T21:48:18.202+0000] {processor.py:186} INFO - Started process (PID=53) to work on /opt/airflow/dags/204 dummy_dag.py
[2025-01-14T21:48:18.203+0000] {processor.py:914} INFO - Processing file /opt/airflow/dags/204 dummy_dag.py for tasks to queue
[2025-01-14T21:48:18.205+0000] {logging_mixin.py:190} INFO - [2025-01-14T21:48:18.204+0000] {dagbag.py:588} INFO - Filling up the DagBag from /opt/airflow/dags/204 dummy_dag.py
[2025-01-14T21:48:18.212+0000] {processor.py:925} INFO - DAG(s) 'example_dag' retrieved from /opt/airflow/dags/204 dummy_dag.py
[2025-01-14T21:48:18.231+0000] {logging_mixin.py:190} INFO - [2025-01-14T21:48:18.230+0000] {dag.py:3239} INFO - Sync 1 DAGs
[2025-01-14T21:48:18.242+0000] {logging_mixin.py:190} INFO - [2025-01-14T21:48:18.242+0000] {dag.py:4180} INFO - Setting next_dagrun for example_dag to 2016-01-01 00:00:00+00:00, run_after=2016-01-02 00:00:00+00:00
[2025-01-14T21:48:18.250+0000] {processor.py:208} INFO - Processing /opt/airflow/dags/204 dummy_dag.py took 0.055 seconds
[2025-01-14T21:48:48.662+0000] {processor.py:186} INFO - Started process (PID=54) to work on /opt/airflow/dags/204 dummy_dag.py
[2025-01-14T21:48:48.663+0000] {processor.py:914} INFO - Processing file /opt/airflow/dags/204 dummy_dag.py for tasks to queue
[2025-01-14T21:48:48.668+0000] {logging_mixin.py:190} INFO - [2025-01-14T21:48:48.667+0000] {dagbag.py:588} INFO - Filling up the DagBag from /opt/airflow/dags/204 dummy_dag.py
[2025-01-14T21:48:48.683+0000] {processor.py:925} INFO - DAG(s) 'example_dag' retrieved from /opt/airflow/dags/204 dummy_dag.py
[2025-01-14T21:48:48.722+0000] {logging_mixin.py:190} INFO - [2025-01-14T21:48:48.722+0000] {dag.py:3239} INFO - Sync 1 DAGs
[2025-01-14T21:48:48.737+0000] {logging_mixin.py:190} INFO - [2025-01-14T21:48:48.737+0000] {dag.py:4180} INFO - Setting next_dagrun for example_dag to 2016-01-01 00:00:00+00:00, run_after=2016-01-02 00:00:00+00:00
[2025-01-14T21:48:48.746+0000] {processor.py:208} INFO - Processing /opt/airflow/dags/204 dummy_dag.py took 0.098 seconds
[2025-01-14T21:49:19.036+0000] {processor.py:186} INFO - Started process (PID=55) to work on /opt/airflow/dags/204 dummy_dag.py
[2025-01-14T21:49:19.037+0000] {processor.py:914} INFO - Processing file /opt/airflow/dags/204 dummy_dag.py for tasks to queue
[2025-01-14T21:49:19.040+0000] {logging_mixin.py:190} INFO - [2025-01-14T21:49:19.039+0000] {dagbag.py:588} INFO - Filling up the DagBag from /opt/airflow/dags/204 dummy_dag.py
[2025-01-14T21:49:19.053+0000] {processor.py:925} INFO - DAG(s) 'example_dag' retrieved from /opt/airflow/dags/204 dummy_dag.py
[2025-01-14T21:49:19.072+0000] {logging_mixin.py:190} INFO - [2025-01-14T21:49:19.072+0000] {dag.py:3239} INFO - Sync 1 DAGs
[2025-01-14T21:49:19.083+0000] {logging_mixin.py:190} INFO - [2025-01-14T21:49:19.082+0000] {dag.py:4180} INFO - Setting next_dagrun for example_dag to 2016-01-01 00:00:00+00:00, run_after=2016-01-02 00:00:00+00:00
[2025-01-14T21:49:19.090+0000] {processor.py:208} INFO - Processing /opt/airflow/dags/204 dummy_dag.py took 0.064 seconds
[2025-01-14T21:49:49.463+0000] {processor.py:186} INFO - Started process (PID=56) to work on /opt/airflow/dags/204 dummy_dag.py
[2025-01-14T21:49:49.465+0000] {processor.py:914} INFO - Processing file /opt/airflow/dags/204 dummy_dag.py for tasks to queue
[2025-01-14T21:49:49.468+0000] {logging_mixin.py:190} INFO - [2025-01-14T21:49:49.467+0000] {dagbag.py:588} INFO - Filling up the DagBag from /opt/airflow/dags/204 dummy_dag.py
[2025-01-14T21:49:49.482+0000] {processor.py:925} INFO - DAG(s) 'example_dag' retrieved from /opt/airflow/dags/204 dummy_dag.py
[2025-01-14T21:49:49.516+0000] {logging_mixin.py:190} INFO - [2025-01-14T21:49:49.516+0000] {dag.py:3239} INFO - Sync 1 DAGs
[2025-01-14T21:49:49.532+0000] {logging_mixin.py:190} INFO - [2025-01-14T21:49:49.532+0000] {dag.py:4180} INFO - Setting next_dagrun for example_dag to 2016-01-01 00:00:00+00:00, run_after=2016-01-02 00:00:00+00:00
[2025-01-14T21:49:49.542+0000] {processor.py:208} INFO - Processing /opt/airflow/dags/204 dummy_dag.py took 0.088 seconds
[2025-01-14T21:50:19.792+0000] {processor.py:186} INFO - Started process (PID=57) to work on /opt/airflow/dags/204 dummy_dag.py
[2025-01-14T21:50:19.793+0000] {processor.py:914} INFO - Processing file /opt/airflow/dags/204 dummy_dag.py for tasks to queue
[2025-01-14T21:50:19.795+0000] {logging_mixin.py:190} INFO - [2025-01-14T21:50:19.795+0000] {dagbag.py:588} INFO - Filling up the DagBag from /opt/airflow/dags/204 dummy_dag.py
[2025-01-14T21:50:19.804+0000] {processor.py:925} INFO - DAG(s) 'example_dag' retrieved from /opt/airflow/dags/204 dummy_dag.py
[2025-01-14T21:50:19.821+0000] {logging_mixin.py:190} INFO - [2025-01-14T21:50:19.821+0000] {dag.py:3239} INFO - Sync 1 DAGs
[2025-01-14T21:50:19.833+0000] {logging_mixin.py:190} INFO - [2025-01-14T21:50:19.833+0000] {dag.py:4180} INFO - Setting next_dagrun for example_dag to 2016-01-01 00:00:00+00:00, run_after=2016-01-02 00:00:00+00:00
[2025-01-14T21:50:19.842+0000] {processor.py:208} INFO - Processing /opt/airflow/dags/204 dummy_dag.py took 0.056 seconds
[2025-01-14T21:50:50.212+0000] {processor.py:186} INFO - Started process (PID=58) to work on /opt/airflow/dags/204 dummy_dag.py
[2025-01-14T21:50:50.213+0000] {processor.py:914} INFO - Processing file /opt/airflow/dags/204 dummy_dag.py for tasks to queue
[2025-01-14T21:50:50.216+0000] {logging_mixin.py:190} INFO - [2025-01-14T21:50:50.215+0000] {dagbag.py:588} INFO - Filling up the DagBag from /opt/airflow/dags/204 dummy_dag.py
[2025-01-14T21:50:50.229+0000] {processor.py:925} INFO - DAG(s) 'example_dag' retrieved from /opt/airflow/dags/204 dummy_dag.py
[2025-01-14T21:50:50.250+0000] {logging_mixin.py:190} INFO - [2025-01-14T21:50:50.250+0000] {dag.py:3239} INFO - Sync 1 DAGs
[2025-01-14T21:50:50.264+0000] {logging_mixin.py:190} INFO - [2025-01-14T21:50:50.264+0000] {dag.py:4180} INFO - Setting next_dagrun for example_dag to 2016-01-01 00:00:00+00:00, run_after=2016-01-02 00:00:00+00:00
[2025-01-14T21:50:50.272+0000] {processor.py:208} INFO - Processing /opt/airflow/dags/204 dummy_dag.py took 0.071 seconds
[2025-01-14T21:51:20.584+0000] {processor.py:186} INFO - Started process (PID=59) to work on /opt/airflow/dags/204 dummy_dag.py
[2025-01-14T21:51:20.585+0000] {processor.py:914} INFO - Processing file /opt/airflow/dags/204 dummy_dag.py for tasks to queue
[2025-01-14T21:51:20.586+0000] {logging_mixin.py:190} INFO - [2025-01-14T21:51:20.586+0000] {dagbag.py:588} INFO - Filling up the DagBag from /opt/airflow/dags/204 dummy_dag.py
[2025-01-14T21:51:20.597+0000] {processor.py:925} INFO - DAG(s) 'example_dag' retrieved from /opt/airflow/dags/204 dummy_dag.py
[2025-01-14T21:51:20.615+0000] {logging_mixin.py:190} INFO - [2025-01-14T21:51:20.615+0000] {dag.py:3239} INFO - Sync 1 DAGs
[2025-01-14T21:51:20.631+0000] {logging_mixin.py:190} INFO - [2025-01-14T21:51:20.631+0000] {dag.py:4180} INFO - Setting next_dagrun for example_dag to 2016-01-01 00:00:00+00:00, run_after=2016-01-02 00:00:00+00:00
[2025-01-14T21:51:20.641+0000] {processor.py:208} INFO - Processing /opt/airflow/dags/204 dummy_dag.py took 0.064 seconds
[2025-01-14T21:51:51.015+0000] {processor.py:186} INFO - Started process (PID=60) to work on /opt/airflow/dags/204 dummy_dag.py
[2025-01-14T21:51:51.016+0000] {processor.py:914} INFO - Processing file /opt/airflow/dags/204 dummy_dag.py for tasks to queue
[2025-01-14T21:51:51.019+0000] {logging_mixin.py:190} INFO - [2025-01-14T21:51:51.018+0000] {dagbag.py:588} INFO - Filling up the DagBag from /opt/airflow/dags/204 dummy_dag.py
[2025-01-14T21:51:51.029+0000] {processor.py:925} INFO - DAG(s) 'example_dag' retrieved from /opt/airflow/dags/204 dummy_dag.py
[2025-01-14T21:51:51.050+0000] {logging_mixin.py:190} INFO - [2025-01-14T21:51:51.050+0000] {dag.py:3239} INFO - Sync 1 DAGs
[2025-01-14T21:51:51.063+0000] {logging_mixin.py:190} INFO - [2025-01-14T21:51:51.063+0000] {dag.py:4180} INFO - Setting next_dagrun for example_dag to 2016-01-01 00:00:00+00:00, run_after=2016-01-02 00:00:00+00:00
[2025-01-14T21:51:51.071+0000] {processor.py:208} INFO - Processing /opt/airflow/dags/204 dummy_dag.py took 0.065 seconds
[2025-01-14T21:52:21.420+0000] {processor.py:186} INFO - Started process (PID=61) to work on /opt/airflow/dags/204 dummy_dag.py
[2025-01-14T21:52:21.421+0000] {processor.py:914} INFO - Processing file /opt/airflow/dags/204 dummy_dag.py for tasks to queue
[2025-01-14T21:52:21.424+0000] {logging_mixin.py:190} INFO - [2025-01-14T21:52:21.424+0000] {dagbag.py:588} INFO - Filling up the DagBag from /opt/airflow/dags/204 dummy_dag.py
[2025-01-14T21:52:21.436+0000] {processor.py:925} INFO - DAG(s) 'example_dag' retrieved from /opt/airflow/dags/204 dummy_dag.py
[2025-01-14T21:52:21.453+0000] {logging_mixin.py:190} INFO - [2025-01-14T21:52:21.453+0000] {dag.py:3239} INFO - Sync 1 DAGs
[2025-01-14T21:52:21.464+0000] {logging_mixin.py:190} INFO - [2025-01-14T21:52:21.464+0000] {dag.py:4180} INFO - Setting next_dagrun for example_dag to 2016-01-01 00:00:00+00:00, run_after=2016-01-02 00:00:00+00:00
[2025-01-14T21:52:21.472+0000] {processor.py:208} INFO - Processing /opt/airflow/dags/204 dummy_dag.py took 0.065 seconds
[2025-01-14T21:52:51.850+0000] {processor.py:186} INFO - Started process (PID=62) to work on /opt/airflow/dags/204 dummy_dag.py
[2025-01-14T21:52:51.851+0000] {processor.py:914} INFO - Processing file /opt/airflow/dags/204 dummy_dag.py for tasks to queue
[2025-01-14T21:52:51.853+0000] {logging_mixin.py:190} INFO - [2025-01-14T21:52:51.853+0000] {dagbag.py:588} INFO - Filling up the DagBag from /opt/airflow/dags/204 dummy_dag.py
[2025-01-14T21:52:51.864+0000] {processor.py:925} INFO - DAG(s) 'example_dag' retrieved from /opt/airflow/dags/204 dummy_dag.py
[2025-01-14T21:52:51.885+0000] {logging_mixin.py:190} INFO - [2025-01-14T21:52:51.885+0000] {dag.py:3239} INFO - Sync 1 DAGs
[2025-01-14T21:52:51.897+0000] {logging_mixin.py:190} INFO - [2025-01-14T21:52:51.897+0000] {dag.py:4180} INFO - Setting next_dagrun for example_dag to 2016-01-01 00:00:00+00:00, run_after=2016-01-02 00:00:00+00:00
[2025-01-14T21:52:51.905+0000] {processor.py:208} INFO - Processing /opt/airflow/dags/204 dummy_dag.py took 0.066 seconds
[2025-01-14T21:53:22.273+0000] {processor.py:186} INFO - Started process (PID=63) to work on /opt/airflow/dags/204 dummy_dag.py
[2025-01-14T21:53:22.274+0000] {processor.py:914} INFO - Processing file /opt/airflow/dags/204 dummy_dag.py for tasks to queue
[2025-01-14T21:53:22.277+0000] {logging_mixin.py:190} INFO - [2025-01-14T21:53:22.277+0000] {dagbag.py:588} INFO - Filling up the DagBag from /opt/airflow/dags/204 dummy_dag.py
[2025-01-14T21:53:22.291+0000] {processor.py:925} INFO - DAG(s) 'example_dag' retrieved from /opt/airflow/dags/204 dummy_dag.py
[2025-01-14T21:53:22.313+0000] {logging_mixin.py:190} INFO - [2025-01-14T21:53:22.312+0000] {dag.py:3239} INFO - Sync 1 DAGs
[2025-01-14T21:53:22.336+0000] {logging_mixin.py:190} INFO - [2025-01-14T21:53:22.335+0000] {dag.py:4180} INFO - Setting next_dagrun for example_dag to 2016-01-01 00:00:00+00:00, run_after=2016-01-02 00:00:00+00:00
[2025-01-14T21:53:22.347+0000] {processor.py:208} INFO - Processing /opt/airflow/dags/204 dummy_dag.py took 0.084 seconds
[2025-01-14T21:53:52.670+0000] {processor.py:186} INFO - Started process (PID=64) to work on /opt/airflow/dags/204 dummy_dag.py
[2025-01-14T21:53:52.671+0000] {processor.py:914} INFO - Processing file /opt/airflow/dags/204 dummy_dag.py for tasks to queue
[2025-01-14T21:53:52.674+0000] {logging_mixin.py:190} INFO - [2025-01-14T21:53:52.674+0000] {dagbag.py:588} INFO - Filling up the DagBag from /opt/airflow/dags/204 dummy_dag.py
[2025-01-14T21:53:52.687+0000] {processor.py:925} INFO - DAG(s) 'example_dag' retrieved from /opt/airflow/dags/204 dummy_dag.py
[2025-01-14T21:53:52.706+0000] {logging_mixin.py:190} INFO - [2025-01-14T21:53:52.706+0000] {dag.py:3239} INFO - Sync 1 DAGs
[2025-01-14T21:53:52.717+0000] {logging_mixin.py:190} INFO - [2025-01-14T21:53:52.717+0000] {dag.py:4180} INFO - Setting next_dagrun for example_dag to 2016-01-01 00:00:00+00:00, run_after=2016-01-02 00:00:00+00:00
[2025-01-14T21:53:52.724+0000] {processor.py:208} INFO - Processing /opt/airflow/dags/204 dummy_dag.py took 0.068 seconds
[2025-01-14T21:54:23.027+0000] {processor.py:186} INFO - Started process (PID=65) to work on /opt/airflow/dags/204 dummy_dag.py
[2025-01-14T21:54:23.028+0000] {processor.py:914} INFO - Processing file /opt/airflow/dags/204 dummy_dag.py for tasks to queue
[2025-01-14T21:54:23.030+0000] {logging_mixin.py:190} INFO - [2025-01-14T21:54:23.030+0000] {dagbag.py:588} INFO - Filling up the DagBag from /opt/airflow/dags/204 dummy_dag.py
[2025-01-14T21:54:23.040+0000] {processor.py:925} INFO - DAG(s) 'example_dag' retrieved from /opt/airflow/dags/204 dummy_dag.py
[2025-01-14T21:54:23.058+0000] {logging_mixin.py:190} INFO - [2025-01-14T21:54:23.058+0000] {dag.py:3239} INFO - Sync 1 DAGs
[2025-01-14T21:54:23.069+0000] {logging_mixin.py:190} INFO - [2025-01-14T21:54:23.069+0000] {dag.py:4180} INFO - Setting next_dagrun for example_dag to 2016-01-01 00:00:00+00:00, run_after=2016-01-02 00:00:00+00:00
[2025-01-14T21:54:23.078+0000] {processor.py:208} INFO - Processing /opt/airflow/dags/204 dummy_dag.py took 0.059 seconds
[2025-01-14T21:54:53.383+0000] {processor.py:186} INFO - Started process (PID=66) to work on /opt/airflow/dags/204 dummy_dag.py
[2025-01-14T21:54:53.384+0000] {processor.py:914} INFO - Processing file /opt/airflow/dags/204 dummy_dag.py for tasks to queue
[2025-01-14T21:54:53.387+0000] {logging_mixin.py:190} INFO - [2025-01-14T21:54:53.386+0000] {dagbag.py:588} INFO - Filling up the DagBag from /opt/airflow/dags/204 dummy_dag.py
[2025-01-14T21:54:53.400+0000] {processor.py:925} INFO - DAG(s) 'example_dag' retrieved from /opt/airflow/dags/204 dummy_dag.py
[2025-01-14T21:54:53.422+0000] {logging_mixin.py:190} INFO - [2025-01-14T21:54:53.422+0000] {dag.py:3239} INFO - Sync 1 DAGs
[2025-01-14T21:54:53.434+0000] {logging_mixin.py:190} INFO - [2025-01-14T21:54:53.434+0000] {dag.py:4180} INFO - Setting next_dagrun for example_dag to 2016-01-01 00:00:00+00:00, run_after=2016-01-02 00:00:00+00:00
[2025-01-14T21:54:53.441+0000] {processor.py:208} INFO - Processing /opt/airflow/dags/204 dummy_dag.py took 0.067 seconds
[2025-01-14T21:55:23.725+0000] {processor.py:186} INFO - Started process (PID=67) to work on /opt/airflow/dags/204 dummy_dag.py
[2025-01-14T21:55:23.726+0000] {processor.py:914} INFO - Processing file /opt/airflow/dags/204 dummy_dag.py for tasks to queue
[2025-01-14T21:55:23.728+0000] {logging_mixin.py:190} INFO - [2025-01-14T21:55:23.728+0000] {dagbag.py:588} INFO - Filling up the DagBag from /opt/airflow/dags/204 dummy_dag.py
[2025-01-14T21:55:23.737+0000] {processor.py:925} INFO - DAG(s) 'example_dag' retrieved from /opt/airflow/dags/204 dummy_dag.py
[2025-01-14T21:55:23.754+0000] {logging_mixin.py:190} INFO - [2025-01-14T21:55:23.754+0000] {dag.py:3239} INFO - Sync 1 DAGs
[2025-01-14T21:55:23.766+0000] {logging_mixin.py:190} INFO - [2025-01-14T21:55:23.766+0000] {dag.py:4180} INFO - Setting next_dagrun for example_dag to 2016-01-01 00:00:00+00:00, run_after=2016-01-02 00:00:00+00:00
[2025-01-14T21:55:23.774+0000] {processor.py:208} INFO - Processing /opt/airflow/dags/204 dummy_dag.py took 0.057 seconds
[2025-01-14T21:55:54.099+0000] {processor.py:186} INFO - Started process (PID=68) to work on /opt/airflow/dags/204 dummy_dag.py
[2025-01-14T21:55:54.099+0000] {processor.py:914} INFO - Processing file /opt/airflow/dags/204 dummy_dag.py for tasks to queue
[2025-01-14T21:55:54.101+0000] {logging_mixin.py:190} INFO - [2025-01-14T21:55:54.101+0000] {dagbag.py:588} INFO - Filling up the DagBag from /opt/airflow/dags/204 dummy_dag.py
[2025-01-14T21:55:54.109+0000] {processor.py:925} INFO - DAG(s) 'example_dag' retrieved from /opt/airflow/dags/204 dummy_dag.py
[2025-01-14T21:55:54.129+0000] {logging_mixin.py:190} INFO - [2025-01-14T21:55:54.129+0000] {dag.py:3239} INFO - Sync 1 DAGs
[2025-01-14T21:55:54.141+0000] {logging_mixin.py:190} INFO - [2025-01-14T21:55:54.141+0000] {dag.py:4180} INFO - Setting next_dagrun for example_dag to 2016-01-01 00:00:00+00:00, run_after=2016-01-02 00:00:00+00:00
[2025-01-14T21:55:54.148+0000] {processor.py:208} INFO - Processing /opt/airflow/dags/204 dummy_dag.py took 0.057 seconds
[2025-01-14T21:56:24.510+0000] {processor.py:186} INFO - Started process (PID=69) to work on /opt/airflow/dags/204 dummy_dag.py
[2025-01-14T21:56:24.510+0000] {processor.py:914} INFO - Processing file /opt/airflow/dags/204 dummy_dag.py for tasks to queue
[2025-01-14T21:56:24.512+0000] {logging_mixin.py:190} INFO - [2025-01-14T21:56:24.512+0000] {dagbag.py:588} INFO - Filling up the DagBag from /opt/airflow/dags/204 dummy_dag.py
[2025-01-14T21:56:24.521+0000] {processor.py:925} INFO - DAG(s) 'example_dag' retrieved from /opt/airflow/dags/204 dummy_dag.py
[2025-01-14T21:56:24.540+0000] {logging_mixin.py:190} INFO - [2025-01-14T21:56:24.540+0000] {dag.py:3239} INFO - Sync 1 DAGs
[2025-01-14T21:56:24.551+0000] {logging_mixin.py:190} INFO - [2025-01-14T21:56:24.551+0000] {dag.py:4180} INFO - Setting next_dagrun for example_dag to 2016-01-01 00:00:00+00:00, run_after=2016-01-02 00:00:00+00:00
[2025-01-14T21:56:24.558+0000] {processor.py:208} INFO - Processing /opt/airflow/dags/204 dummy_dag.py took 0.056 seconds
[2025-01-14T21:56:54.920+0000] {processor.py:186} INFO - Started process (PID=70) to work on /opt/airflow/dags/204 dummy_dag.py
[2025-01-14T21:56:54.921+0000] {processor.py:914} INFO - Processing file /opt/airflow/dags/204 dummy_dag.py for tasks to queue
[2025-01-14T21:56:54.924+0000] {logging_mixin.py:190} INFO - [2025-01-14T21:56:54.923+0000] {dagbag.py:588} INFO - Filling up the DagBag from /opt/airflow/dags/204 dummy_dag.py
[2025-01-14T21:56:54.936+0000] {processor.py:925} INFO - DAG(s) 'example_dag' retrieved from /opt/airflow/dags/204 dummy_dag.py
[2025-01-14T21:56:54.959+0000] {logging_mixin.py:190} INFO - [2025-01-14T21:56:54.959+0000] {dag.py:3239} INFO - Sync 1 DAGs
[2025-01-14T21:56:54.972+0000] {logging_mixin.py:190} INFO - [2025-01-14T21:56:54.972+0000] {dag.py:4180} INFO - Setting next_dagrun for example_dag to 2016-01-01 00:00:00+00:00, run_after=2016-01-02 00:00:00+00:00
[2025-01-14T21:56:54.980+0000] {processor.py:208} INFO - Processing /opt/airflow/dags/204 dummy_dag.py took 0.073 seconds
[2025-01-14T21:57:25.332+0000] {processor.py:186} INFO - Started process (PID=71) to work on /opt/airflow/dags/204 dummy_dag.py
[2025-01-14T21:57:25.333+0000] {processor.py:914} INFO - Processing file /opt/airflow/dags/204 dummy_dag.py for tasks to queue
[2025-01-14T21:57:25.335+0000] {logging_mixin.py:190} INFO - [2025-01-14T21:57:25.335+0000] {dagbag.py:588} INFO - Filling up the DagBag from /opt/airflow/dags/204 dummy_dag.py
[2025-01-14T21:57:25.343+0000] {processor.py:925} INFO - DAG(s) 'example_dag' retrieved from /opt/airflow/dags/204 dummy_dag.py
[2025-01-14T21:57:25.361+0000] {logging_mixin.py:190} INFO - [2025-01-14T21:57:25.361+0000] {dag.py:3239} INFO - Sync 1 DAGs
[2025-01-14T21:57:25.373+0000] {logging_mixin.py:190} INFO - [2025-01-14T21:57:25.373+0000] {dag.py:4180} INFO - Setting next_dagrun for example_dag to 2016-01-01 00:00:00+00:00, run_after=2016-01-02 00:00:00+00:00
[2025-01-14T21:57:25.381+0000] {processor.py:208} INFO - Processing /opt/airflow/dags/204 dummy_dag.py took 0.056 seconds
[2025-01-14T21:57:55.758+0000] {processor.py:186} INFO - Started process (PID=72) to work on /opt/airflow/dags/204 dummy_dag.py
[2025-01-14T21:57:55.759+0000] {processor.py:914} INFO - Processing file /opt/airflow/dags/204 dummy_dag.py for tasks to queue
[2025-01-14T21:57:55.760+0000] {logging_mixin.py:190} INFO - [2025-01-14T21:57:55.760+0000] {dagbag.py:588} INFO - Filling up the DagBag from /opt/airflow/dags/204 dummy_dag.py
[2025-01-14T21:57:55.779+0000] {processor.py:925} INFO - DAG(s) 'example_dag' retrieved from /opt/airflow/dags/204 dummy_dag.py
[2025-01-14T21:57:55.804+0000] {logging_mixin.py:190} INFO - [2025-01-14T21:57:55.804+0000] {dag.py:3239} INFO - Sync 1 DAGs
[2025-01-14T21:57:55.818+0000] {logging_mixin.py:190} INFO - [2025-01-14T21:57:55.818+0000] {dag.py:4180} INFO - Setting next_dagrun for example_dag to 2016-01-01 00:00:00+00:00, run_after=2016-01-02 00:00:00+00:00
[2025-01-14T21:57:55.826+0000] {processor.py:208} INFO - Processing /opt/airflow/dags/204 dummy_dag.py took 0.075 seconds
[2025-01-14T21:58:26.120+0000] {processor.py:186} INFO - Started process (PID=73) to work on /opt/airflow/dags/204 dummy_dag.py
[2025-01-14T21:58:26.121+0000] {processor.py:914} INFO - Processing file /opt/airflow/dags/204 dummy_dag.py for tasks to queue
[2025-01-14T21:58:26.123+0000] {logging_mixin.py:190} INFO - [2025-01-14T21:58:26.123+0000] {dagbag.py:588} INFO - Filling up the DagBag from /opt/airflow/dags/204 dummy_dag.py
[2025-01-14T21:58:26.135+0000] {processor.py:925} INFO - DAG(s) 'example_dag' retrieved from /opt/airflow/dags/204 dummy_dag.py
[2025-01-14T21:58:26.152+0000] {logging_mixin.py:190} INFO - [2025-01-14T21:58:26.152+0000] {dag.py:3239} INFO - Sync 1 DAGs
[2025-01-14T21:58:26.170+0000] {logging_mixin.py:190} INFO - [2025-01-14T21:58:26.170+0000] {dag.py:4180} INFO - Setting next_dagrun for example_dag to 2016-01-01 00:00:00+00:00, run_after=2016-01-02 00:00:00+00:00
[2025-01-14T21:58:26.181+0000] {processor.py:208} INFO - Processing /opt/airflow/dags/204 dummy_dag.py took 0.069 seconds
[2025-01-14T21:58:56.417+0000] {processor.py:186} INFO - Started process (PID=74) to work on /opt/airflow/dags/204 dummy_dag.py
[2025-01-14T21:58:56.417+0000] {processor.py:914} INFO - Processing file /opt/airflow/dags/204 dummy_dag.py for tasks to queue
[2025-01-14T21:58:56.420+0000] {logging_mixin.py:190} INFO - [2025-01-14T21:58:56.420+0000] {dagbag.py:588} INFO - Filling up the DagBag from /opt/airflow/dags/204 dummy_dag.py
[2025-01-14T21:58:56.437+0000] {processor.py:925} INFO - DAG(s) 'example_dag' retrieved from /opt/airflow/dags/204 dummy_dag.py
[2025-01-14T21:58:56.466+0000] {logging_mixin.py:190} INFO - [2025-01-14T21:58:56.466+0000] {dag.py:3239} INFO - Sync 1 DAGs
[2025-01-14T21:58:56.479+0000] {logging_mixin.py:190} INFO - [2025-01-14T21:58:56.479+0000] {dag.py:4180} INFO - Setting next_dagrun for example_dag to 2016-01-01 00:00:00+00:00, run_after=2016-01-02 00:00:00+00:00
[2025-01-14T21:58:56.488+0000] {processor.py:208} INFO - Processing /opt/airflow/dags/204 dummy_dag.py took 0.080 seconds
[2025-01-14T21:59:26.778+0000] {processor.py:186} INFO - Started process (PID=75) to work on /opt/airflow/dags/204 dummy_dag.py
[2025-01-14T21:59:26.780+0000] {processor.py:914} INFO - Processing file /opt/airflow/dags/204 dummy_dag.py for tasks to queue
[2025-01-14T21:59:26.784+0000] {logging_mixin.py:190} INFO - [2025-01-14T21:59:26.783+0000] {dagbag.py:588} INFO - Filling up the DagBag from /opt/airflow/dags/204 dummy_dag.py
[2025-01-14T21:59:26.820+0000] {processor.py:925} INFO - DAG(s) 'example_dag' retrieved from /opt/airflow/dags/204 dummy_dag.py
[2025-01-14T21:59:26.861+0000] {logging_mixin.py:190} INFO - [2025-01-14T21:59:26.861+0000] {dag.py:3239} INFO - Sync 1 DAGs
[2025-01-14T21:59:26.902+0000] {logging_mixin.py:190} INFO - [2025-01-14T21:59:26.901+0000] {dag.py:4180} INFO - Setting next_dagrun for example_dag to 2016-01-01 00:00:00+00:00, run_after=2016-01-02 00:00:00+00:00
[2025-01-14T21:59:26.935+0000] {processor.py:208} INFO - Processing /opt/airflow/dags/204 dummy_dag.py took 0.173 seconds
[2025-01-14T21:59:57.119+0000] {processor.py:186} INFO - Started process (PID=76) to work on /opt/airflow/dags/204 dummy_dag.py
[2025-01-14T21:59:57.120+0000] {processor.py:914} INFO - Processing file /opt/airflow/dags/204 dummy_dag.py for tasks to queue
[2025-01-14T21:59:57.125+0000] {logging_mixin.py:190} INFO - [2025-01-14T21:59:57.124+0000] {dagbag.py:588} INFO - Filling up the DagBag from /opt/airflow/dags/204 dummy_dag.py
[2025-01-14T21:59:57.153+0000] {processor.py:925} INFO - DAG(s) 'example_dag' retrieved from /opt/airflow/dags/204 dummy_dag.py
[2025-01-14T21:59:57.198+0000] {logging_mixin.py:190} INFO - [2025-01-14T21:59:57.198+0000] {dag.py:3239} INFO - Sync 1 DAGs
[2025-01-14T21:59:57.227+0000] {logging_mixin.py:190} INFO - [2025-01-14T21:59:57.227+0000] {dag.py:4180} INFO - Setting next_dagrun for example_dag to 2016-01-01 00:00:00+00:00, run_after=2016-01-02 00:00:00+00:00
[2025-01-14T21:59:57.242+0000] {processor.py:208} INFO - Processing /opt/airflow/dags/204 dummy_dag.py took 0.139 seconds
[2025-01-14T22:00:27.593+0000] {processor.py:186} INFO - Started process (PID=77) to work on /opt/airflow/dags/204 dummy_dag.py
[2025-01-14T22:00:27.594+0000] {processor.py:914} INFO - Processing file /opt/airflow/dags/204 dummy_dag.py for tasks to queue
[2025-01-14T22:00:27.597+0000] {logging_mixin.py:190} INFO - [2025-01-14T22:00:27.596+0000] {dagbag.py:588} INFO - Filling up the DagBag from /opt/airflow/dags/204 dummy_dag.py
[2025-01-14T22:00:27.607+0000] {processor.py:925} INFO - DAG(s) 'example_dag' retrieved from /opt/airflow/dags/204 dummy_dag.py
[2025-01-14T22:00:27.631+0000] {logging_mixin.py:190} INFO - [2025-01-14T22:00:27.630+0000] {dag.py:3239} INFO - Sync 1 DAGs
[2025-01-14T22:00:27.648+0000] {logging_mixin.py:190} INFO - [2025-01-14T22:00:27.648+0000] {dag.py:4180} INFO - Setting next_dagrun for example_dag to 2016-01-01 00:00:00+00:00, run_after=2016-01-02 00:00:00+00:00
[2025-01-14T22:00:27.659+0000] {processor.py:208} INFO - Processing /opt/airflow/dags/204 dummy_dag.py took 0.072 seconds
[2025-01-14T22:00:57.997+0000] {processor.py:186} INFO - Started process (PID=78) to work on /opt/airflow/dags/204 dummy_dag.py
[2025-01-14T22:00:57.998+0000] {processor.py:914} INFO - Processing file /opt/airflow/dags/204 dummy_dag.py for tasks to queue
[2025-01-14T22:00:58.001+0000] {logging_mixin.py:190} INFO - [2025-01-14T22:00:58.001+0000] {dagbag.py:588} INFO - Filling up the DagBag from /opt/airflow/dags/204 dummy_dag.py
[2025-01-14T22:00:58.015+0000] {processor.py:925} INFO - DAG(s) 'example_dag' retrieved from /opt/airflow/dags/204 dummy_dag.py
[2025-01-14T22:00:58.036+0000] {logging_mixin.py:190} INFO - [2025-01-14T22:00:58.036+0000] {dag.py:3239} INFO - Sync 1 DAGs
[2025-01-14T22:00:58.051+0000] {logging_mixin.py:190} INFO - [2025-01-14T22:00:58.051+0000] {dag.py:4180} INFO - Setting next_dagrun for example_dag to 2016-01-01 00:00:00+00:00, run_after=2016-01-02 00:00:00+00:00
[2025-01-14T22:00:58.061+0000] {processor.py:208} INFO - Processing /opt/airflow/dags/204 dummy_dag.py took 0.077 seconds
[2025-01-14T22:01:28.364+0000] {processor.py:186} INFO - Started process (PID=79) to work on /opt/airflow/dags/204 dummy_dag.py
[2025-01-14T22:01:28.365+0000] {processor.py:914} INFO - Processing file /opt/airflow/dags/204 dummy_dag.py for tasks to queue
[2025-01-14T22:01:28.367+0000] {logging_mixin.py:190} INFO - [2025-01-14T22:01:28.366+0000] {dagbag.py:588} INFO - Filling up the DagBag from /opt/airflow/dags/204 dummy_dag.py
[2025-01-14T22:01:28.373+0000] {processor.py:925} INFO - DAG(s) 'example_dag' retrieved from /opt/airflow/dags/204 dummy_dag.py
[2025-01-14T22:01:28.390+0000] {logging_mixin.py:190} INFO - [2025-01-14T22:01:28.390+0000] {dag.py:3239} INFO - Sync 1 DAGs
[2025-01-14T22:01:28.405+0000] {logging_mixin.py:190} INFO - [2025-01-14T22:01:28.404+0000] {dag.py:4180} INFO - Setting next_dagrun for example_dag to 2016-01-01 00:00:00+00:00, run_after=2016-01-02 00:00:00+00:00
[2025-01-14T22:01:28.413+0000] {processor.py:208} INFO - Processing /opt/airflow/dags/204 dummy_dag.py took 0.053 seconds
[2025-01-14T22:01:58.699+0000] {processor.py:186} INFO - Started process (PID=80) to work on /opt/airflow/dags/204 dummy_dag.py
[2025-01-14T22:01:58.699+0000] {processor.py:914} INFO - Processing file /opt/airflow/dags/204 dummy_dag.py for tasks to queue
[2025-01-14T22:01:58.701+0000] {logging_mixin.py:190} INFO - [2025-01-14T22:01:58.701+0000] {dagbag.py:588} INFO - Filling up the DagBag from /opt/airflow/dags/204 dummy_dag.py
[2025-01-14T22:01:58.708+0000] {processor.py:925} INFO - DAG(s) 'example_dag' retrieved from /opt/airflow/dags/204 dummy_dag.py
[2025-01-14T22:01:58.736+0000] {logging_mixin.py:190} INFO - [2025-01-14T22:01:58.736+0000] {dag.py:3239} INFO - Sync 1 DAGs
[2025-01-14T22:01:58.752+0000] {logging_mixin.py:190} INFO - [2025-01-14T22:01:58.752+0000] {dag.py:4180} INFO - Setting next_dagrun for example_dag to 2016-01-01 00:00:00+00:00, run_after=2016-01-02 00:00:00+00:00
[2025-01-14T22:01:58.760+0000] {processor.py:208} INFO - Processing /opt/airflow/dags/204 dummy_dag.py took 0.065 seconds
[2025-01-14T22:02:29.359+0000] {processor.py:186} INFO - Started process (PID=81) to work on /opt/airflow/dags/204 dummy_dag.py
[2025-01-14T22:02:29.360+0000] {processor.py:914} INFO - Processing file /opt/airflow/dags/204 dummy_dag.py for tasks to queue
[2025-01-14T22:02:29.363+0000] {logging_mixin.py:190} INFO - [2025-01-14T22:02:29.362+0000] {dagbag.py:588} INFO - Filling up the DagBag from /opt/airflow/dags/204 dummy_dag.py
[2025-01-14T22:02:29.377+0000] {processor.py:925} INFO - DAG(s) 'example_dag' retrieved from /opt/airflow/dags/204 dummy_dag.py
[2025-01-14T22:02:29.406+0000] {logging_mixin.py:190} INFO - [2025-01-14T22:02:29.406+0000] {dag.py:3239} INFO - Sync 1 DAGs
[2025-01-14T22:02:29.421+0000] {logging_mixin.py:190} INFO - [2025-01-14T22:02:29.421+0000] {dag.py:4180} INFO - Setting next_dagrun for example_dag to 2016-01-01 00:00:00+00:00, run_after=2016-01-02 00:00:00+00:00
[2025-01-14T22:02:29.430+0000] {processor.py:208} INFO - Processing /opt/airflow/dags/204 dummy_dag.py took 0.082 seconds
[2025-01-14T22:18:19.050+0000] {processor.py:186} INFO - Started process (PID=82) to work on /opt/airflow/dags/204 dummy_dag.py
[2025-01-14T22:18:19.050+0000] {processor.py:914} INFO - Processing file /opt/airflow/dags/204 dummy_dag.py for tasks to queue
[2025-01-14T22:18:19.052+0000] {logging_mixin.py:190} INFO - [2025-01-14T22:18:19.052+0000] {dagbag.py:588} INFO - Filling up the DagBag from /opt/airflow/dags/204 dummy_dag.py
[2025-01-14T22:18:19.058+0000] {processor.py:925} INFO - DAG(s) 'example_dag' retrieved from /opt/airflow/dags/204 dummy_dag.py
[2025-01-14T22:18:19.072+0000] {logging_mixin.py:190} INFO - [2025-01-14T22:18:19.072+0000] {dag.py:3239} INFO - Sync 1 DAGs
[2025-01-14T22:18:19.083+0000] {logging_mixin.py:190} INFO - [2025-01-14T22:18:19.083+0000] {dag.py:4180} INFO - Setting next_dagrun for example_dag to 2016-01-01 00:00:00+00:00, run_after=2016-01-02 00:00:00+00:00
[2025-01-14T22:18:19.091+0000] {processor.py:208} INFO - Processing /opt/airflow/dags/204 dummy_dag.py took 0.051 seconds
[2025-01-14T22:18:49.552+0000] {processor.py:186} INFO - Started process (PID=83) to work on /opt/airflow/dags/204 dummy_dag.py
[2025-01-14T22:18:49.552+0000] {processor.py:914} INFO - Processing file /opt/airflow/dags/204 dummy_dag.py for tasks to queue
[2025-01-14T22:18:49.555+0000] {logging_mixin.py:190} INFO - [2025-01-14T22:18:49.555+0000] {dagbag.py:588} INFO - Filling up the DagBag from /opt/airflow/dags/204 dummy_dag.py
[2025-01-14T22:18:49.568+0000] {processor.py:925} INFO - DAG(s) 'example_dag' retrieved from /opt/airflow/dags/204 dummy_dag.py
[2025-01-14T22:18:49.591+0000] {logging_mixin.py:190} INFO - [2025-01-14T22:18:49.591+0000] {dag.py:3239} INFO - Sync 1 DAGs
[2025-01-14T22:18:49.612+0000] {logging_mixin.py:190} INFO - [2025-01-14T22:18:49.612+0000] {dag.py:4180} INFO - Setting next_dagrun for example_dag to 2016-01-01 00:00:00+00:00, run_after=2016-01-02 00:00:00+00:00
[2025-01-14T22:18:49.624+0000] {processor.py:208} INFO - Processing /opt/airflow/dags/204 dummy_dag.py took 0.084 seconds
[2025-01-14T23:23:32.563+0000] {processor.py:186} INFO - Started process (PID=84) to work on /opt/airflow/dags/204 dummy_dag.py
[2025-01-14T23:23:32.564+0000] {processor.py:914} INFO - Processing file /opt/airflow/dags/204 dummy_dag.py for tasks to queue
[2025-01-14T23:23:32.566+0000] {logging_mixin.py:190} INFO - [2025-01-14T23:23:32.566+0000] {dagbag.py:588} INFO - Filling up the DagBag from /opt/airflow/dags/204 dummy_dag.py
[2025-01-14T23:23:32.587+0000] {processor.py:925} INFO - DAG(s) 'example_dag' retrieved from /opt/airflow/dags/204 dummy_dag.py
[2025-01-14T23:23:32.610+0000] {logging_mixin.py:190} INFO - [2025-01-14T23:23:32.610+0000] {dag.py:3239} INFO - Sync 1 DAGs
[2025-01-14T23:23:32.626+0000] {logging_mixin.py:190} INFO - [2025-01-14T23:23:32.626+0000] {dag.py:4180} INFO - Setting next_dagrun for example_dag to 2016-01-01 00:00:00+00:00, run_after=2016-01-02 00:00:00+00:00
[2025-01-14T23:23:32.635+0000] {processor.py:208} INFO - Processing /opt/airflow/dags/204 dummy_dag.py took 0.081 seconds
[2025-01-14T23:24:03.075+0000] {processor.py:186} INFO - Started process (PID=85) to work on /opt/airflow/dags/204 dummy_dag.py
[2025-01-14T23:24:03.076+0000] {processor.py:914} INFO - Processing file /opt/airflow/dags/204 dummy_dag.py for tasks to queue
[2025-01-14T23:24:03.078+0000] {logging_mixin.py:190} INFO - [2025-01-14T23:24:03.078+0000] {dagbag.py:588} INFO - Filling up the DagBag from /opt/airflow/dags/204 dummy_dag.py
[2025-01-14T23:24:03.085+0000] {processor.py:925} INFO - DAG(s) 'example_dag' retrieved from /opt/airflow/dags/204 dummy_dag.py
[2025-01-14T23:24:03.100+0000] {logging_mixin.py:190} INFO - [2025-01-14T23:24:03.099+0000] {dag.py:3239} INFO - Sync 1 DAGs
[2025-01-14T23:24:03.111+0000] {logging_mixin.py:190} INFO - [2025-01-14T23:24:03.111+0000] {dag.py:4180} INFO - Setting next_dagrun for example_dag to 2016-01-01 00:00:00+00:00, run_after=2016-01-02 00:00:00+00:00
[2025-01-14T23:24:03.118+0000] {processor.py:208} INFO - Processing /opt/airflow/dags/204 dummy_dag.py took 0.049 seconds
[2025-01-14T23:24:33.467+0000] {processor.py:186} INFO - Started process (PID=86) to work on /opt/airflow/dags/204 dummy_dag.py
[2025-01-14T23:24:33.468+0000] {processor.py:914} INFO - Processing file /opt/airflow/dags/204 dummy_dag.py for tasks to queue
[2025-01-14T23:24:33.470+0000] {logging_mixin.py:190} INFO - [2025-01-14T23:24:33.470+0000] {dagbag.py:588} INFO - Filling up the DagBag from /opt/airflow/dags/204 dummy_dag.py
[2025-01-14T23:24:33.476+0000] {processor.py:925} INFO - DAG(s) 'example_dag' retrieved from /opt/airflow/dags/204 dummy_dag.py
[2025-01-14T23:24:33.491+0000] {logging_mixin.py:190} INFO - [2025-01-14T23:24:33.491+0000] {dag.py:3239} INFO - Sync 1 DAGs
[2025-01-14T23:24:33.502+0000] {logging_mixin.py:190} INFO - [2025-01-14T23:24:33.502+0000] {dag.py:4180} INFO - Setting next_dagrun for example_dag to 2016-01-01 00:00:00+00:00, run_after=2016-01-02 00:00:00+00:00
[2025-01-14T23:24:33.509+0000] {processor.py:208} INFO - Processing /opt/airflow/dags/204 dummy_dag.py took 0.047 seconds
[2025-01-14T23:57:42.430+0000] {processor.py:186} INFO - Started process (PID=87) to work on /opt/airflow/dags/204 dummy_dag.py
[2025-01-14T23:57:42.431+0000] {processor.py:914} INFO - Processing file /opt/airflow/dags/204 dummy_dag.py for tasks to queue
[2025-01-14T23:57:42.433+0000] {logging_mixin.py:190} INFO - [2025-01-14T23:57:42.433+0000] {dagbag.py:588} INFO - Filling up the DagBag from /opt/airflow/dags/204 dummy_dag.py
[2025-01-14T23:57:42.440+0000] {processor.py:925} INFO - DAG(s) 'example_dag' retrieved from /opt/airflow/dags/204 dummy_dag.py
[2025-01-14T23:57:42.456+0000] {logging_mixin.py:190} INFO - [2025-01-14T23:57:42.456+0000] {dag.py:3239} INFO - Sync 1 DAGs
[2025-01-14T23:57:42.467+0000] {logging_mixin.py:190} INFO - [2025-01-14T23:57:42.467+0000] {dag.py:4180} INFO - Setting next_dagrun for example_dag to 2016-01-01 00:00:00+00:00, run_after=2016-01-02 00:00:00+00:00
[2025-01-14T23:57:42.474+0000] {processor.py:208} INFO - Processing /opt/airflow/dags/204 dummy_dag.py took 0.051 seconds
